  [1m[35m (517.9ms)[0m  [1m[35mCREATE DATABASE "Redditclone_development" ENCODING = 'unicode'[0m
  ↳ bin/rails:9
  [1m[35m (293.6ms)[0m  [1m[35mCREATE DATABASE "Redditclone_test" ENCODING = 'unicode'[0m
  ↳ bin/rails:9
  [1m[35m (47.9ms)[0m  [1m[35mCREATE TABLE "schema_migrations" ("version" character varying NOT NULL PRIMARY KEY)[0m
  ↳ bin/rails:9
  [1m[35m (3.7ms)[0m  [1m[35mCREATE TABLE "ar_internal_metadata" ("key" character varying NOT NULL PRIMARY KEY, "value" character varying, "created_at" timestamp NOT NULL, "updated_at" timestamp NOT NULL)[0m
  ↳ bin/rails:9
  [1m[35m (0.5ms)[0m  [1m[34mSELECT pg_try_advisory_lock(8145356286902315880)[0m
  ↳ bin/rails:9
  [1m[35m (1.0ms)[0m  [1m[34mSELECT "schema_migrations"."version" FROM "schema_migrations" ORDER BY "schema_migrations"."version" ASC[0m
  ↳ bin/rails:9
Migrating to CreateUsers (20181120184936)
  [1m[35m (0.3ms)[0m  [1m[35mBEGIN[0m
  ↳ bin/rails:9
  [1m[35m (4.9ms)[0m  [1m[35mCREATE TABLE "users" ("id" bigserial primary key, "username" character varying NOT NULL, "password_digest" character varying NOT NULL, "session_token" character varying NOT NULL, "created_at" timestamp NOT NULL, "updated_at" timestamp NOT NULL)[0m
  ↳ db/migrate/20181120184936_create_users.rb:3
  [1m[35m (1.2ms)[0m  [1m[35mCREATE UNIQUE INDEX  "index_users_on_username" ON "users"  ("username")[0m
  ↳ db/migrate/20181120184936_create_users.rb:10
  [1m[35m (1.4ms)[0m  [1m[35mCREATE UNIQUE INDEX  "index_users_on_session_token" ON "users"  ("session_token")[0m
  ↳ db/migrate/20181120184936_create_users.rb:11
  [1m[36mActiveRecord::SchemaMigration Create (0.7ms)[0m  [1m[32mINSERT INTO "schema_migrations" ("version") VALUES ($1) RETURNING "version"[0m  [["version", "20181120184936"]]
  ↳ bin/rails:9
  [1m[35m (0.7ms)[0m  [1m[35mCOMMIT[0m
  ↳ bin/rails:9
  [1m[36mActiveRecord::InternalMetadata Load (0.6ms)[0m  [1m[34mSELECT  "ar_internal_metadata".* FROM "ar_internal_metadata" WHERE "ar_internal_metadata"."key" = $1 LIMIT $2[0m  [["key", "environment"], ["LIMIT", 1]]
  ↳ bin/rails:9
  [1m[35m (0.2ms)[0m  [1m[35mBEGIN[0m
  ↳ bin/rails:9
  [1m[36mActiveRecord::InternalMetadata Create (0.7ms)[0m  [1m[32mINSERT INTO "ar_internal_metadata" ("key", "value", "created_at", "updated_at") VALUES ($1, $2, $3, $4) RETURNING "key"[0m  [["key", "environment"], ["value", "development"], ["created_at", "2018-11-20 18:52:12.684596"], ["updated_at", "2018-11-20 18:52:12.684596"]]
  ↳ bin/rails:9
  [1m[35m (0.4ms)[0m  [1m[35mCOMMIT[0m
  ↳ bin/rails:9
  [1m[35m (0.3ms)[0m  [1m[34mSELECT pg_advisory_unlock(8145356286902315880)[0m
  ↳ bin/rails:9
  [1m[35m (0.5ms)[0m  [1m[34mSELECT "schema_migrations"."version" FROM "schema_migrations" ORDER BY "schema_migrations"."version" ASC[0m
  ↳ bin/rails:9
  [1m[35m (1.1ms)[0m  [1m[34mSELECT "schema_migrations"."version" FROM "schema_migrations" ORDER BY "schema_migrations"."version" ASC[0m
  ↳ /usr/local/var/rbenv/versions/2.5.0/bin/annotate:23
  [1m[35m (0.3ms)[0m  [1m[34mSELECT pg_try_advisory_lock(8145356286902315880)[0m
  ↳ bin/rails:9
  [1m[35m (0.9ms)[0m  [1m[34mSELECT "schema_migrations"."version" FROM "schema_migrations" ORDER BY "schema_migrations"."version" ASC[0m
  ↳ bin/rails:9
Migrating to CreateSubs (20181120191234)
  [1m[35m (0.3ms)[0m  [1m[35mBEGIN[0m
  ↳ bin/rails:9
  [1m[35m (6.2ms)[0m  [1m[35mCREATE TABLE "subs" ("id" bigserial primary key, "title" character varying NOT NULL, "description" character varying NOT NULL, "moderator_id" integer NOT NULL, "created_at" timestamp NOT NULL, "updated_at" timestamp NOT NULL)[0m
  ↳ db/migrate/20181120191234_create_subs.rb:3
  [1m[35m (1.3ms)[0m  [1m[35mCREATE  INDEX  "index_subs_on_moderator_id" ON "subs"  ("moderator_id")[0m
  ↳ db/migrate/20181120191234_create_subs.rb:10
  [1m[36mActiveRecord::SchemaMigration Create (0.5ms)[0m  [1m[32mINSERT INTO "schema_migrations" ("version") VALUES ($1) RETURNING "version"[0m  [["version", "20181120191234"]]
  ↳ bin/rails:9
  [1m[35m (1.3ms)[0m  [1m[35mCOMMIT[0m
  ↳ bin/rails:9
  [1m[36mActiveRecord::InternalMetadata Load (0.5ms)[0m  [1m[34mSELECT  "ar_internal_metadata".* FROM "ar_internal_metadata" WHERE "ar_internal_metadata"."key" = $1 LIMIT $2[0m  [["key", "environment"], ["LIMIT", 1]]
  ↳ bin/rails:9
  [1m[35m (0.2ms)[0m  [1m[35mBEGIN[0m
  ↳ bin/rails:9
  [1m[35m (0.2ms)[0m  [1m[35mCOMMIT[0m
  ↳ bin/rails:9
  [1m[35m (0.3ms)[0m  [1m[34mSELECT pg_advisory_unlock(8145356286902315880)[0m
  ↳ bin/rails:9
  [1m[35m (0.3ms)[0m  [1m[34mSELECT "schema_migrations"."version" FROM "schema_migrations" ORDER BY "schema_migrations"."version" ASC[0m
  ↳ bin/rails:9
Started GET "/" for 127.0.0.1 at 2018-11-20 11:35:45 -0800
  [1m[35m (0.9ms)[0m  [1m[34mSELECT "schema_migrations"."version" FROM "schema_migrations" ORDER BY "schema_migrations"."version" ASC[0m
  ↳ /usr/local/var/rbenv/versions/2.5.0/lib/ruby/gems/2.5.0/gems/activerecord-5.2.1/lib/active_record/log_subscriber.rb:98
Processing by Rails::WelcomeController#index as HTML
  Rendering /usr/local/var/rbenv/versions/2.5.0/lib/ruby/gems/2.5.0/gems/railties-5.2.1/lib/rails/templates/rails/welcome/index.html.erb
  Rendered /usr/local/var/rbenv/versions/2.5.0/lib/ruby/gems/2.5.0/gems/railties-5.2.1/lib/rails/templates/rails/welcome/index.html.erb (4.1ms)
Completed 200 OK in 91ms (Views: 58.7ms | ActiveRecord: 0.0ms)


Started GET "/" for 127.0.0.1 at 2018-11-20 11:44:10 -0800
Processing by Rails::WelcomeController#index as HTML
  Rendering /usr/local/var/rbenv/versions/2.5.0/lib/ruby/gems/2.5.0/gems/railties-5.2.1/lib/rails/templates/rails/welcome/index.html.erb
  Rendered /usr/local/var/rbenv/versions/2.5.0/lib/ruby/gems/2.5.0/gems/railties-5.2.1/lib/rails/templates/rails/welcome/index.html.erb (2.8ms)
Completed 200 OK in 12ms (Views: 6.6ms | ActiveRecord: 0.0ms)


Started GET "/session/new" for 127.0.0.1 at 2018-11-20 11:44:15 -0800
  
ActionController::RoutingError (undefined method `reverse_merge' for :exception:Symbol):
  
app/controllers/application_controller.rb:2:in `<class:ApplicationController>'
app/controllers/application_controller.rb:1:in `<main>'
app/controllers/sessions_controller.rb:1:in `<main>'
Started GET "/users/new" for 127.0.0.1 at 2018-11-20 11:44:40 -0800
  
ActionController::RoutingError (undefined method `reverse_merge' for :exception:Symbol):
  
app/controllers/application_controller.rb:2:in `<class:ApplicationController>'
app/controllers/application_controller.rb:1:in `<main>'
app/controllers/users_controller.rb:1:in `<main>'
Started GET "/users/new" for 127.0.0.1 at 2018-11-20 11:45:01 -0800
Processing by UsersController#new as HTML
  Rendering users/new.html.erb within layouts/application
  Rendered users/new.html.erb within layouts/application (0.9ms)
Completed 200 OK in 1010ms (Views: 996.3ms | ActiveRecord: 0.0ms)


Started POST "/users" for 127.0.0.1 at 2018-11-20 11:45:28 -0800
Processing by UsersController#create as HTML
  Parameters: {"authenticity_token"=>"aXaS7w2j5rXSW+q1L9r3CMSo4NKRMUF7UxsbpAAYMr9PU4UCeehUiEEletfyfKn/IlyFyFn9ewi1Vg9BTGcsAQ==", "user"=>{"username"=>"username1", "password"=>"[FILTERED]"}}
Completed 500 Internal Server Error in 170ms (ActiveRecord: 0.0ms)


  
NameError (undefined local variable or method `user' for #<UsersController:0x00007ff6c886dac8>):
  
app/controllers/users_controller.rb:8:in `create'
Started POST "/users" for 127.0.0.1 at 2018-11-20 11:45:54 -0800
Processing by UsersController#create as HTML
  Parameters: {"authenticity_token"=>"aXaS7w2j5rXSW+q1L9r3CMSo4NKRMUF7UxsbpAAYMr9PU4UCeehUiEEletfyfKn/IlyFyFn9ewi1Vg9BTGcsAQ==", "user"=>{"username"=>"username1", "password"=>"[FILTERED]"}}
Completed 500 Internal Server Error in 42ms (ActiveRecord: 0.0ms)


  
SyntaxError (/Users/appacademy/Desktop/W5D2/Redditclone/app/models/user.rb:17: syntax error, unexpected ':', expecting keyword_end
  attr_reader: password
             ^
/Users/appacademy/Desktop/W5D2/Redditclone/app/models/user.rb:47: syntax error, unexpected ':', expecting keyword_end
  class_name: :Sub
            ^):
  
app/models/user.rb:17: syntax error, unexpected ':', expecting keyword_end
app/models/user.rb:47: syntax error, unexpected ':', expecting keyword_end
app/controllers/users_controller.rb:8:in `create'
Started POST "/users" for 127.0.0.1 at 2018-11-20 11:46:14 -0800
Processing by UsersController#create as HTML
  Parameters: {"authenticity_token"=>"aXaS7w2j5rXSW+q1L9r3CMSo4NKRMUF7UxsbpAAYMr9PU4UCeehUiEEletfyfKn/IlyFyFn9ewi1Vg9BTGcsAQ==", "user"=>{"username"=>"username1", "password"=>"[FILTERED]"}}
Completed 500 Internal Server Error in 11ms (ActiveRecord: 0.0ms)


  
SyntaxError (/Users/appacademy/Desktop/W5D2/Redditclone/app/models/user.rb:47: syntax error, unexpected ':', expecting keyword_end
  class_name: :Sub
            ^):
  
app/models/user.rb:47: syntax error, unexpected ':', expecting keyword_end
app/controllers/users_controller.rb:8:in `create'
Started POST "/users" for 127.0.0.1 at 2018-11-20 11:46:40 -0800
Processing by UsersController#create as HTML
  Parameters: {"authenticity_token"=>"aXaS7w2j5rXSW+q1L9r3CMSo4NKRMUF7UxsbpAAYMr9PU4UCeehUiEEletfyfKn/IlyFyFn9ewi1Vg9BTGcsAQ==", "user"=>{"username"=>"username1", "password"=>"[FILTERED]"}}
Completed 500 Internal Server Error in 88ms (ActiveRecord: 10.4ms)


  
NameError (uninitialized constant User::BCrypt):
  
app/models/user.rb:32:in `password='
app/controllers/users_controller.rb:8:in `create'
Started POST "/users" for 127.0.0.1 at 2018-11-20 11:47:23 -0800
Processing by UsersController#create as HTML
  Parameters: {"authenticity_token"=>"aXaS7w2j5rXSW+q1L9r3CMSo4NKRMUF7UxsbpAAYMr9PU4UCeehUiEEletfyfKn/IlyFyFn9ewi1Vg9BTGcsAQ==", "user"=>{"username"=>"username1", "password"=>"[FILTERED]"}}
Completed 500 Internal Server Error in 5ms (ActiveRecord: 0.0ms)


  
NameError (uninitialized constant User::BCrypt):
  
app/models/user.rb:32:in `password='
app/controllers/users_controller.rb:8:in `create'
Started POST "/users" for 127.0.0.1 at 2018-11-20 11:47:46 -0800
  [1m[35m (1.2ms)[0m  [1m[34mSELECT "schema_migrations"."version" FROM "schema_migrations" ORDER BY "schema_migrations"."version" ASC[0m
  ↳ /usr/local/var/rbenv/versions/2.5.0/lib/ruby/gems/2.5.0/gems/activerecord-5.2.1/lib/active_record/log_subscriber.rb:98
Processing by UsersController#create as HTML
  Parameters: {"authenticity_token"=>"aXaS7w2j5rXSW+q1L9r3CMSo4NKRMUF7UxsbpAAYMr9PU4UCeehUiEEletfyfKn/IlyFyFn9ewi1Vg9BTGcsAQ==", "user"=>{"username"=>"username1", "password"=>"[FILTERED]"}}
  [1m[35m (0.3ms)[0m  [1m[35mBEGIN[0m
  ↳ app/controllers/users_controller.rb:9
  [1m[36mUser Create (2.3ms)[0m  [1m[32mINSERT INTO "users" ("username", "password_digest", "session_token", "created_at", "updated_at") VALUES ($1, $2, $3, $4, $5) RETURNING "id"[0m  [["username", "username1"], ["password_digest", "$2a$10$nVdvid0QVem/lV757/at/updX5vUgBHVS3QpkqgkGm7BwLCxEoDKi"], ["session_token", "jTFKC7kWnMpfdW6gFXMZDw"], ["created_at", "2018-11-20 19:47:46.644851"], ["updated_at", "2018-11-20 19:47:46.644851"]]
  ↳ app/controllers/users_controller.rb:9
  [1m[35m (0.7ms)[0m  [1m[35mCOMMIT[0m
  ↳ app/controllers/users_controller.rb:9
  [1m[35m (0.4ms)[0m  [1m[35mBEGIN[0m
  ↳ app/models/user.rb:37
  [1m[36mUser Update (8.1ms)[0m  [1m[33mUPDATE "users" SET "session_token" = $1, "updated_at" = $2 WHERE "users"."id" = $3[0m  [["session_token", "haIbrhIxJaQ58KZtyqxHlQ"], ["updated_at", "2018-11-20 19:47:46.652825"], ["id", 1]]
  ↳ app/models/user.rb:37
  [1m[35m (0.5ms)[0m  [1m[35mCOMMIT[0m
  ↳ app/models/user.rb:37
No template found for UsersController#create, rendering head :no_content
Completed 204 No Content in 256ms (ActiveRecord: 19.9ms)


Started GET "/session/new" for 127.0.0.1 at 2018-11-20 11:48:04 -0800
Processing by SessionsController#new as HTML
  Rendering sessions/new.html.erb within layouts/application
  Rendered sessions/new.html.erb within layouts/application (15.0ms)
Completed 200 OK in 363ms (Views: 357.7ms | ActiveRecord: 0.0ms)


Started POST "/session" for 127.0.0.1 at 2018-11-20 11:48:17 -0800
Processing by SessionsController#create as HTML
  Parameters: {"authenticity_token"=>"47Tvg6rB6v7OZ+erpdML/WVl0Nvf+ASOHuAJoUHVGuvFkfhu3opYw10Zd8l4dVUKg5G1wRc0Pv34rR1EDaoEVQ==", "user"=>{"username"=>"username1", "password"=>"[FILTERED]"}}
  [1m[36mUser Load (2.1ms)[0m  [1m[34mSELECT  "users".* FROM "users" WHERE "users"."username" = $1 LIMIT $2[0m  [["username", "username1"], ["LIMIT", 1]]
  ↳ app/models/user.rb:22
  [1m[35m (0.3ms)[0m  [1m[35mBEGIN[0m
  ↳ app/models/user.rb:37
  [1m[36mUser Update (0.9ms)[0m  [1m[33mUPDATE "users" SET "session_token" = $1, "updated_at" = $2 WHERE "users"."id" = $3[0m  [["session_token", "myYOofKJFuxtzDyUg5qdMQ"], ["updated_at", "2018-11-20 19:48:17.764819"], ["id", 1]]
  ↳ app/models/user.rb:37
  [1m[35m (0.5ms)[0m  [1m[35mCOMMIT[0m
  ↳ app/models/user.rb:37
No template found for SessionsController#create, rendering head :no_content
Completed 204 No Content in 256ms (ActiveRecord: 4.4ms)


  [1m[35m (0.3ms)[0m  [1m[34mSELECT pg_try_advisory_lock(8145356286902315880)[0m
  ↳ bin/rails:9
  [1m[35m (1.0ms)[0m  [1m[34mSELECT "schema_migrations"."version" FROM "schema_migrations" ORDER BY "schema_migrations"."version" ASC[0m
  ↳ bin/rails:9
Migrating to CreatePosts (20181120194901)
  [1m[35m (0.3ms)[0m  [1m[35mBEGIN[0m
  ↳ bin/rails:9
  [1m[35m (23.9ms)[0m  [1m[35mCREATE TABLE "posts" ("id" bigserial primary key, "title" character varying NOT NULL, "url" character varying, "content" text, "sub_id" integer NOT NULL, "author_id" integer NOT NULL, "created_at" timestamp NOT NULL, "updated_at" timestamp NOT NULL)[0m
  ↳ db/migrate/20181120194901_create_posts.rb:3
  [1m[35m (1.2ms)[0m  [1m[35mCREATE  INDEX  "index_posts_on_sub_id" ON "posts"  ("sub_id")[0m
  ↳ db/migrate/20181120194901_create_posts.rb:12
  [1m[35m (1.1ms)[0m  [1m[35mCREATE  INDEX  "index_posts_on_author_id" ON "posts"  ("author_id")[0m
  ↳ db/migrate/20181120194901_create_posts.rb:13
  [1m[36mActiveRecord::SchemaMigration Create (0.6ms)[0m  [1m[32mINSERT INTO "schema_migrations" ("version") VALUES ($1) RETURNING "version"[0m  [["version", "20181120194901"]]
  ↳ bin/rails:9
  [1m[35m (1.3ms)[0m  [1m[35mCOMMIT[0m
  ↳ bin/rails:9
  [1m[36mActiveRecord::InternalMetadata Load (0.5ms)[0m  [1m[34mSELECT  "ar_internal_metadata".* FROM "ar_internal_metadata" WHERE "ar_internal_metadata"."key" = $1 LIMIT $2[0m  [["key", "environment"], ["LIMIT", 1]]
  ↳ bin/rails:9
  [1m[35m (0.2ms)[0m  [1m[35mBEGIN[0m
  ↳ bin/rails:9
  [1m[35m (0.1ms)[0m  [1m[35mCOMMIT[0m
  ↳ bin/rails:9
  [1m[35m (0.3ms)[0m  [1m[34mSELECT pg_advisory_unlock(8145356286902315880)[0m
  ↳ bin/rails:9
  [1m[35m (0.3ms)[0m  [1m[34mSELECT "schema_migrations"."version" FROM "schema_migrations" ORDER BY "schema_migrations"."version" ASC[0m
  ↳ bin/rails:9
Started GET "/rails/info/routes" for 127.0.0.1 at 2018-11-20 12:17:44 -0800
  [1m[35m (1.8ms)[0m  [1m[34mSELECT "schema_migrations"."version" FROM "schema_migrations" ORDER BY "schema_migrations"."version" ASC[0m
  ↳ /usr/local/var/rbenv/versions/2.5.0/lib/ruby/gems/2.5.0/gems/activerecord-5.2.1/lib/active_record/log_subscriber.rb:98
Processing by Rails::InfoController#routes as HTML
  Rendering /usr/local/var/rbenv/versions/2.5.0/lib/ruby/gems/2.5.0/gems/railties-5.2.1/lib/rails/templates/rails/info/routes.html.erb within layouts/application
  Rendered collection of /usr/local/var/rbenv/versions/2.5.0/lib/ruby/gems/2.5.0/gems/actionpack-5.2.1/lib/action_dispatch/middleware/templates/routes/_route.html.erb [26 times] (17.7ms)
  Rendered /usr/local/var/rbenv/versions/2.5.0/lib/ruby/gems/2.5.0/gems/actionpack-5.2.1/lib/action_dispatch/middleware/templates/routes/_table.html.erb (28.3ms)
  Rendered /usr/local/var/rbenv/versions/2.5.0/lib/ruby/gems/2.5.0/gems/railties-5.2.1/lib/rails/templates/rails/info/routes.html.erb within layouts/application (80.1ms)
Completed 200 OK in 118ms (Views: 103.7ms | ActiveRecord: 0.0ms)


  [1m[35m (0.9ms)[0m  [1m[34mSELECT "schema_migrations"."version" FROM "schema_migrations" ORDER BY "schema_migrations"."version" ASC[0m
  ↳ /usr/local/var/rbenv/versions/2.5.0/bin/annotate:23
Started GET "/session/new" for 127.0.0.1 at 2018-11-20 13:46:44 -0800
Processing by SessionsController#new as HTML
  Rendering sessions/new.html.erb within layouts/application
  Rendered sessions/new.html.erb within layouts/application (0.9ms)
Completed 200 OK in 251ms (Views: 245.0ms | ActiveRecord: 0.0ms)


Started POST "/session" for 127.0.0.1 at 2018-11-20 13:46:56 -0800
Processing by SessionsController#create as HTML
  Parameters: {"authenticity_token"=>"Bnh6yAibJOjZihar6R1HZGbDpw/QhN9RZ635zNqgW+EgXW0lfNCW1Ur0hsk0uxmTgDfCFRhI5SKB4O0plt9FXw==", "user"=>{"username"=>"username1", "password"=>"[FILTERED]"}}
  [1m[36mUser Load (16.0ms)[0m  [1m[34mSELECT  "users".* FROM "users" WHERE "users"."username" = $1 LIMIT $2[0m  [["username", "username1"], ["LIMIT", 1]]
  ↳ app/models/user.rb:22
  [1m[35m (0.3ms)[0m  [1m[35mBEGIN[0m
  ↳ app/models/user.rb:37
  [1m[36mUser Update (0.9ms)[0m  [1m[33mUPDATE "users" SET "session_token" = $1, "updated_at" = $2 WHERE "users"."id" = $3[0m  [["session_token", "6EoRX5-nG0fTJgLAEutJRw"], ["updated_at", "2018-11-20 21:46:56.569462"], ["id", 1]]
  ↳ app/models/user.rb:37
  [1m[35m (27.3ms)[0m  [1m[35mCOMMIT[0m
  ↳ app/models/user.rb:37
No template found for SessionsController#create, rendering head :no_content
Completed 204 No Content in 351ms (ActiveRecord: 57.0ms)


Started POST "/session" for 127.0.0.1 at 2018-11-20 13:47:27 -0800
Processing by SessionsController#create as HTML
  Parameters: {"authenticity_token"=>"Bnh6yAibJOjZihar6R1HZGbDpw/QhN9RZ635zNqgW+EgXW0lfNCW1Ur0hsk0uxmTgDfCFRhI5SKB4O0plt9FXw==", "user"=>{"username"=>"username1", "password"=>"[FILTERED]"}}
  [1m[36mUser Load (0.4ms)[0m  [1m[34mSELECT  "users".* FROM "users" WHERE "users"."username" = $1 LIMIT $2[0m  [["username", "username1"], ["LIMIT", 1]]
  ↳ app/models/user.rb:22
  [1m[35m (0.4ms)[0m  [1m[35mBEGIN[0m
  ↳ app/models/user.rb:37
  [1m[36mUser Update (0.6ms)[0m  [1m[33mUPDATE "users" SET "session_token" = $1, "updated_at" = $2 WHERE "users"."id" = $3[0m  [["session_token", "s6UiDG_u5NG3WTtjWCz_RA"], ["updated_at", "2018-11-20 21:47:27.651321"], ["id", 1]]
  ↳ app/models/user.rb:37
  [1m[35m (0.6ms)[0m  [1m[35mCOMMIT[0m
  ↳ app/models/user.rb:37
Redirected to http://localhost:3000/subs
Completed 302 Found in 124ms (ActiveRecord: 8.2ms)


Started GET "/subs" for 127.0.0.1 at 2018-11-20 13:47:27 -0800
Processing by SubsController#index as HTML
  Rendering subs/index.html.erb within layouts/application
  [1m[36mSub Load (11.4ms)[0m  [1m[34mSELECT "subs".* FROM "subs"[0m
  ↳ app/views/subs/index.html.erb:3
  Rendered subs/index.html.erb within layouts/application (16.3ms)
Completed 200 OK in 106ms (Views: 78.5ms | ActiveRecord: 13.8ms)


Started GET "/subs/new" for 127.0.0.1 at 2018-11-20 13:47:30 -0800
Processing by SubsController#new as HTML
  Rendering subs/new.html.erb within layouts/application
  Rendered subs/new.html.erb within layouts/application (0.9ms)
Completed 200 OK in 49ms (Views: 33.1ms | ActiveRecord: 3.7ms)


Started POST "/subs" for 127.0.0.1 at 2018-11-20 13:47:36 -0800
Processing by SubsController#create as HTML
  Parameters: {"authenticity_token"=>"8FbAtliX2yJIBs8udXPmvI6Ez/JkIAM6nlNEzeZFLcrWc9dbLNxpH9t4X0yo1bhLaHCq6KzsOUl4HlAoqjozdA==", "sub"=>{"title"=>"App", "description"=>"sbkcbksdbckbdksd"}}
  [1m[36mUser Load (0.5ms)[0m  [1m[34mSELECT  "users".* FROM "users" WHERE "users"."session_token" = $1 LIMIT $2[0m  [["session_token", "s6UiDG_u5NG3WTtjWCz_RA"], ["LIMIT", 1]]
  ↳ app/controllers/application_controller.rb:10
  [1m[35m (0.2ms)[0m  [1m[35mBEGIN[0m
  ↳ app/controllers/subs_controller.rb:11
  [1m[36mUser Load (0.5ms)[0m  [1m[34mSELECT  "users".* FROM "users" WHERE "users"."id" = $1 LIMIT $2[0m  [["id", 1], ["LIMIT", 1]]
  ↳ app/controllers/subs_controller.rb:11
  [1m[36mSub Create (1.0ms)[0m  [1m[32mINSERT INTO "subs" ("title", "description", "moderator_id", "created_at", "updated_at") VALUES ($1, $2, $3, $4, $5) RETURNING "id"[0m  [["title", "App"], ["description", "sbkcbksdbckbdksd"], ["moderator_id", 1], ["created_at", "2018-11-20 21:47:36.246908"], ["updated_at", "2018-11-20 21:47:36.246908"]]
  ↳ app/controllers/subs_controller.rb:11
  [1m[35m (0.7ms)[0m  [1m[35mCOMMIT[0m
  ↳ app/controllers/subs_controller.rb:11
Redirected to http://localhost:3000/subs/1
Completed 302 Found in 68ms (ActiveRecord: 2.9ms)


Started GET "/subs/1" for 127.0.0.1 at 2018-11-20 13:47:36 -0800
Processing by SubsController#show as HTML
  Parameters: {"id"=>"1"}
  [1m[36mSub Load (0.4ms)[0m  [1m[34mSELECT  "subs".* FROM "subs" WHERE "subs"."id" = $1 LIMIT $2[0m  [["id", 1], ["LIMIT", 1]]
  ↳ app/controllers/subs_controller.rb:39
  Rendering subs/show.html.erb within layouts/application
  Rendered subs/show.html.erb within layouts/application (11.2ms)
Completed 200 OK in 53ms (Views: 49.2ms | ActiveRecord: 0.4ms)


Started GET "/subs/1" for 127.0.0.1 at 2018-11-20 13:50:59 -0800
Processing by SubsController#show as HTML
  Parameters: {"id"=>"1"}
  [1m[36mSub Load (0.5ms)[0m  [1m[34mSELECT  "subs".* FROM "subs" WHERE "subs"."id" = $1 LIMIT $2[0m  [["id", 1], ["LIMIT", 1]]
  ↳ app/controllers/subs_controller.rb:39
  Rendering subs/show.html.erb within layouts/application
  Rendered subs/show.html.erb within layouts/application (1.9ms)
Completed 200 OK in 95ms (Views: 91.5ms | ActiveRecord: 0.5ms)


Started GET "/subs/1" for 127.0.0.1 at 2018-11-20 13:51:19 -0800
Processing by SubsController#show as HTML
  Parameters: {"id"=>"1"}
  [1m[36mSub Load (1.0ms)[0m  [1m[34mSELECT  "subs".* FROM "subs" WHERE "subs"."id" = $1 LIMIT $2[0m  [["id", 1], ["LIMIT", 1]]
  ↳ app/controllers/subs_controller.rb:39
  Rendering subs/show.html.erb within layouts/application
  Rendered subs/show.html.erb within layouts/application (1.2ms)
Completed 200 OK in 51ms (Views: 46.2ms | ActiveRecord: 1.0ms)


Started POST "/posts" for 127.0.0.1 at 2018-11-20 13:51:24 -0800
Processing by PostsController#create as HTML
  Parameters: {"post"=>{"sub_id"=>"1", "title"=>"dbd", "url"=>"dbcvdbcv", "content"=>"dbcv fxcbv"}}
Can't verify CSRF token authenticity.
Completed 422 Unprocessable Entity in 1ms (ActiveRecord: 0.0ms)


  
ActionController::InvalidAuthenticityToken (ActionController::InvalidAuthenticityToken):
  
actionpack (5.2.1) lib/action_controller/metal/request_forgery_protection.rb:211:in `handle_unverified_request'
actionpack (5.2.1) lib/action_controller/metal/request_forgery_protection.rb:243:in `handle_unverified_request'
actionpack (5.2.1) lib/action_controller/metal/request_forgery_protection.rb:238:in `verify_authenticity_token'
activesupport (5.2.1) lib/active_support/callbacks.rb:426:in `block in make_lambda'
activesupport (5.2.1) lib/active_support/callbacks.rb:198:in `block (2 levels) in halting'
actionpack (5.2.1) lib/abstract_controller/callbacks.rb:34:in `block (2 levels) in <module:Callbacks>'
activesupport (5.2.1) lib/active_support/callbacks.rb:199:in `block in halting'
activesupport (5.2.1) lib/active_support/callbacks.rb:513:in `block in invoke_before'
activesupport (5.2.1) lib/active_support/callbacks.rb:513:in `each'
activesupport (5.2.1) lib/active_support/callbacks.rb:513:in `invoke_before'
activesupport (5.2.1) lib/active_support/callbacks.rb:131:in `run_callbacks'
actionpack (5.2.1) lib/abstract_controller/callbacks.rb:41:in `process_action'
actionpack (5.2.1) lib/action_controller/metal/rescue.rb:22:in `process_action'
actionpack (5.2.1) lib/action_controller/metal/instrumentation.rb:34:in `block in process_action'
activesupport (5.2.1) lib/active_support/notifications.rb:168:in `block in instrument'
activesupport (5.2.1) lib/active_support/notifications/instrumenter.rb:23:in `instrument'
activesupport (5.2.1) lib/active_support/notifications.rb:168:in `instrument'
actionpack (5.2.1) lib/action_controller/metal/instrumentation.rb:32:in `process_action'
actionpack (5.2.1) lib/action_controller/metal/params_wrapper.rb:256:in `process_action'
activerecord (5.2.1) lib/active_record/railties/controller_runtime.rb:24:in `process_action'
actionpack (5.2.1) lib/abstract_controller/base.rb:134:in `process'
actionview (5.2.1) lib/action_view/rendering.rb:32:in `process'
actionpack (5.2.1) lib/action_controller/metal.rb:191:in `dispatch'
actionpack (5.2.1) lib/action_controller/metal.rb:252:in `dispatch'
actionpack (5.2.1) lib/action_dispatch/routing/route_set.rb:52:in `dispatch'
actionpack (5.2.1) lib/action_dispatch/routing/route_set.rb:34:in `serve'
actionpack (5.2.1) lib/action_dispatch/journey/router.rb:52:in `block in serve'
actionpack (5.2.1) lib/action_dispatch/journey/router.rb:35:in `each'
actionpack (5.2.1) lib/action_dispatch/journey/router.rb:35:in `serve'
actionpack (5.2.1) lib/action_dispatch/routing/route_set.rb:840:in `call'
rack (2.0.6) lib/rack/tempfile_reaper.rb:15:in `call'
rack (2.0.6) lib/rack/etag.rb:25:in `call'
rack (2.0.6) lib/rack/conditional_get.rb:38:in `call'
rack (2.0.6) lib/rack/head.rb:12:in `call'
actionpack (5.2.1) lib/action_dispatch/http/content_security_policy.rb:18:in `call'
rack (2.0.6) lib/rack/session/abstract/id.rb:232:in `context'
rack (2.0.6) lib/rack/session/abstract/id.rb:226:in `call'
actionpack (5.2.1) lib/action_dispatch/middleware/cookies.rb:670:in `call'
activerecord (5.2.1) lib/active_record/migration.rb:559:in `call'
actionpack (5.2.1) lib/action_dispatch/middleware/callbacks.rb:28:in `block in call'
activesupport (5.2.1) lib/active_support/callbacks.rb:98:in `run_callbacks'
actionpack (5.2.1) lib/action_dispatch/middleware/callbacks.rb:26:in `call'
actionpack (5.2.1) lib/action_dispatch/middleware/executor.rb:14:in `call'
actionpack (5.2.1) lib/action_dispatch/middleware/debug_exceptions.rb:61:in `call'
web-console (3.7.0) lib/web_console/middleware.rb:135:in `call_app'
web-console (3.7.0) lib/web_console/middleware.rb:30:in `block in call'
web-console (3.7.0) lib/web_console/middleware.rb:20:in `catch'
web-console (3.7.0) lib/web_console/middleware.rb:20:in `call'
actionpack (5.2.1) lib/action_dispatch/middleware/show_exceptions.rb:33:in `call'
railties (5.2.1) lib/rails/rack/logger.rb:38:in `call_app'
railties (5.2.1) lib/rails/rack/logger.rb:26:in `block in call'
activesupport (5.2.1) lib/active_support/tagged_logging.rb:71:in `block in tagged'
activesupport (5.2.1) lib/active_support/tagged_logging.rb:28:in `tagged'
activesupport (5.2.1) lib/active_support/tagged_logging.rb:71:in `tagged'
railties (5.2.1) lib/rails/rack/logger.rb:26:in `call'
sprockets-rails (3.2.1) lib/sprockets/rails/quiet_assets.rb:13:in `call'
actionpack (5.2.1) lib/action_dispatch/middleware/remote_ip.rb:81:in `call'
actionpack (5.2.1) lib/action_dispatch/middleware/request_id.rb:27:in `call'
rack (2.0.6) lib/rack/method_override.rb:22:in `call'
rack (2.0.6) lib/rack/runtime.rb:22:in `call'
activesupport (5.2.1) lib/active_support/cache/strategy/local_cache_middleware.rb:29:in `call'
actionpack (5.2.1) lib/action_dispatch/middleware/executor.rb:14:in `call'
actionpack (5.2.1) lib/action_dispatch/middleware/static.rb:127:in `call'
rack (2.0.6) lib/rack/sendfile.rb:111:in `call'
railties (5.2.1) lib/rails/engine.rb:524:in `call'
puma (3.12.0) lib/puma/configuration.rb:225:in `call'
puma (3.12.0) lib/puma/server.rb:658:in `handle_request'
puma (3.12.0) lib/puma/server.rb:472:in `process_client'
puma (3.12.0) lib/puma/server.rb:332:in `block in run'
puma (3.12.0) lib/puma/thread_pool.rb:133:in `block in spawn_thread'
Started POST "/posts" for 127.0.0.1 at 2018-11-20 13:51:53 -0800
Processing by PostsController#create as HTML
  Parameters: {"post"=>{"sub_id"=>"1", "title"=>"dbd", "url"=>"dbcvdbcv", "content"=>"dbcv fxcbv"}}
Can't verify CSRF token authenticity.
Completed 422 Unprocessable Entity in 1ms (ActiveRecord: 0.0ms)


  
ActionController::InvalidAuthenticityToken (ActionController::InvalidAuthenticityToken):
  
actionpack (5.2.1) lib/action_controller/metal/request_forgery_protection.rb:211:in `handle_unverified_request'
actionpack (5.2.1) lib/action_controller/metal/request_forgery_protection.rb:243:in `handle_unverified_request'
actionpack (5.2.1) lib/action_controller/metal/request_forgery_protection.rb:238:in `verify_authenticity_token'
activesupport (5.2.1) lib/active_support/callbacks.rb:426:in `block in make_lambda'
activesupport (5.2.1) lib/active_support/callbacks.rb:198:in `block (2 levels) in halting'
actionpack (5.2.1) lib/abstract_controller/callbacks.rb:34:in `block (2 levels) in <module:Callbacks>'
activesupport (5.2.1) lib/active_support/callbacks.rb:199:in `block in halting'
activesupport (5.2.1) lib/active_support/callbacks.rb:513:in `block in invoke_before'
activesupport (5.2.1) lib/active_support/callbacks.rb:513:in `each'
activesupport (5.2.1) lib/active_support/callbacks.rb:513:in `invoke_before'
activesupport (5.2.1) lib/active_support/callbacks.rb:131:in `run_callbacks'
actionpack (5.2.1) lib/abstract_controller/callbacks.rb:41:in `process_action'
actionpack (5.2.1) lib/action_controller/metal/rescue.rb:22:in `process_action'
actionpack (5.2.1) lib/action_controller/metal/instrumentation.rb:34:in `block in process_action'
activesupport (5.2.1) lib/active_support/notifications.rb:168:in `block in instrument'
activesupport (5.2.1) lib/active_support/notifications/instrumenter.rb:23:in `instrument'
activesupport (5.2.1) lib/active_support/notifications.rb:168:in `instrument'
actionpack (5.2.1) lib/action_controller/metal/instrumentation.rb:32:in `process_action'
actionpack (5.2.1) lib/action_controller/metal/params_wrapper.rb:256:in `process_action'
activerecord (5.2.1) lib/active_record/railties/controller_runtime.rb:24:in `process_action'
actionpack (5.2.1) lib/abstract_controller/base.rb:134:in `process'
actionview (5.2.1) lib/action_view/rendering.rb:32:in `process'
actionpack (5.2.1) lib/action_controller/metal.rb:191:in `dispatch'
actionpack (5.2.1) lib/action_controller/metal.rb:252:in `dispatch'
actionpack (5.2.1) lib/action_dispatch/routing/route_set.rb:52:in `dispatch'
actionpack (5.2.1) lib/action_dispatch/routing/route_set.rb:34:in `serve'
actionpack (5.2.1) lib/action_dispatch/journey/router.rb:52:in `block in serve'
actionpack (5.2.1) lib/action_dispatch/journey/router.rb:35:in `each'
actionpack (5.2.1) lib/action_dispatch/journey/router.rb:35:in `serve'
actionpack (5.2.1) lib/action_dispatch/routing/route_set.rb:840:in `call'
rack (2.0.6) lib/rack/tempfile_reaper.rb:15:in `call'
rack (2.0.6) lib/rack/etag.rb:25:in `call'
rack (2.0.6) lib/rack/conditional_get.rb:38:in `call'
rack (2.0.6) lib/rack/head.rb:12:in `call'
actionpack (5.2.1) lib/action_dispatch/http/content_security_policy.rb:18:in `call'
rack (2.0.6) lib/rack/session/abstract/id.rb:232:in `context'
rack (2.0.6) lib/rack/session/abstract/id.rb:226:in `call'
actionpack (5.2.1) lib/action_dispatch/middleware/cookies.rb:670:in `call'
activerecord (5.2.1) lib/active_record/migration.rb:559:in `call'
actionpack (5.2.1) lib/action_dispatch/middleware/callbacks.rb:28:in `block in call'
activesupport (5.2.1) lib/active_support/callbacks.rb:98:in `run_callbacks'
actionpack (5.2.1) lib/action_dispatch/middleware/callbacks.rb:26:in `call'
actionpack (5.2.1) lib/action_dispatch/middleware/executor.rb:14:in `call'
actionpack (5.2.1) lib/action_dispatch/middleware/debug_exceptions.rb:61:in `call'
web-console (3.7.0) lib/web_console/middleware.rb:135:in `call_app'
web-console (3.7.0) lib/web_console/middleware.rb:30:in `block in call'
web-console (3.7.0) lib/web_console/middleware.rb:20:in `catch'
web-console (3.7.0) lib/web_console/middleware.rb:20:in `call'
actionpack (5.2.1) lib/action_dispatch/middleware/show_exceptions.rb:33:in `call'
railties (5.2.1) lib/rails/rack/logger.rb:38:in `call_app'
railties (5.2.1) lib/rails/rack/logger.rb:26:in `block in call'
activesupport (5.2.1) lib/active_support/tagged_logging.rb:71:in `block in tagged'
activesupport (5.2.1) lib/active_support/tagged_logging.rb:28:in `tagged'
activesupport (5.2.1) lib/active_support/tagged_logging.rb:71:in `tagged'
railties (5.2.1) lib/rails/rack/logger.rb:26:in `call'
sprockets-rails (3.2.1) lib/sprockets/rails/quiet_assets.rb:13:in `call'
actionpack (5.2.1) lib/action_dispatch/middleware/remote_ip.rb:81:in `call'
actionpack (5.2.1) lib/action_dispatch/middleware/request_id.rb:27:in `call'
rack (2.0.6) lib/rack/method_override.rb:22:in `call'
rack (2.0.6) lib/rack/runtime.rb:22:in `call'
activesupport (5.2.1) lib/active_support/cache/strategy/local_cache_middleware.rb:29:in `call'
actionpack (5.2.1) lib/action_dispatch/middleware/executor.rb:14:in `call'
actionpack (5.2.1) lib/action_dispatch/middleware/static.rb:127:in `call'
rack (2.0.6) lib/rack/sendfile.rb:111:in `call'
railties (5.2.1) lib/rails/engine.rb:524:in `call'
puma (3.12.0) lib/puma/configuration.rb:225:in `call'
puma (3.12.0) lib/puma/server.rb:658:in `handle_request'
puma (3.12.0) lib/puma/server.rb:472:in `process_client'
puma (3.12.0) lib/puma/server.rb:332:in `block in run'
puma (3.12.0) lib/puma/thread_pool.rb:133:in `block in spawn_thread'
Started GET "/subs" for 127.0.0.1 at 2018-11-20 13:52:02 -0800
Processing by SubsController#index as HTML
  Rendering subs/index.html.erb within layouts/application
  [1m[36mSub Load (0.6ms)[0m  [1m[34mSELECT "subs".* FROM "subs"[0m
  ↳ app/views/subs/index.html.erb:3
  Rendered subs/index.html.erb within layouts/application (2.6ms)
Completed 200 OK in 41ms (Views: 34.6ms | ActiveRecord: 0.6ms)


Started POST "/session" for 127.0.0.1 at 2018-11-20 13:52:05 -0800
Processing by SessionsController#create as HTML
  Parameters: {"authenticity_token"=>"Bnh6yAibJOjZihar6R1HZGbDpw/QhN9RZ635zNqgW+EgXW0lfNCW1Ur0hsk0uxmTgDfCFRhI5SKB4O0plt9FXw==", "user"=>{"username"=>"username1", "password"=>"[FILTERED]"}}
  [1m[36mUser Load (0.5ms)[0m  [1m[34mSELECT  "users".* FROM "users" WHERE "users"."username" = $1 LIMIT $2[0m  [["username", "username1"], ["LIMIT", 1]]
  ↳ app/models/user.rb:22
  [1m[35m (0.4ms)[0m  [1m[35mBEGIN[0m
  ↳ app/models/user.rb:37
  [1m[36mUser Update (1.3ms)[0m  [1m[33mUPDATE "users" SET "session_token" = $1, "updated_at" = $2 WHERE "users"."id" = $3[0m  [["session_token", "BYyok5REKVdeF0J_AVWKOQ"], ["updated_at", "2018-11-20 21:52:06.031153"], ["id", 1]]
  ↳ app/models/user.rb:37
  [1m[35m (0.6ms)[0m  [1m[35mCOMMIT[0m
  ↳ app/models/user.rb:37
Redirected to http://localhost:3000/subs
Completed 302 Found in 101ms (ActiveRecord: 2.8ms)


Started GET "/subs" for 127.0.0.1 at 2018-11-20 13:52:06 -0800
Processing by SubsController#index as HTML
  Rendering subs/index.html.erb within layouts/application
  [1m[36mSub Load (0.4ms)[0m  [1m[34mSELECT "subs".* FROM "subs"[0m
  ↳ app/views/subs/index.html.erb:3
  Rendered subs/index.html.erb within layouts/application (1.9ms)
Completed 200 OK in 48ms (Views: 44.9ms | ActiveRecord: 0.4ms)


Started GET "/subs/1" for 127.0.0.1 at 2018-11-20 13:52:08 -0800
Processing by SubsController#show as HTML
  Parameters: {"id"=>"1"}
  [1m[36mSub Load (0.6ms)[0m  [1m[34mSELECT  "subs".* FROM "subs" WHERE "subs"."id" = $1 LIMIT $2[0m  [["id", 1], ["LIMIT", 1]]
  ↳ app/controllers/subs_controller.rb:39
  Rendering subs/show.html.erb within layouts/application
  Rendered subs/show.html.erb within layouts/application (2.8ms)
Completed 200 OK in 40ms (Views: 34.6ms | ActiveRecord: 0.6ms)


Started POST "/posts" for 127.0.0.1 at 2018-11-20 13:52:13 -0800
Processing by PostsController#create as HTML
  Parameters: {"post"=>{"sub_id"=>"1", "title"=>"fvcdfgv", "url"=>"dfvxcdf", "content"=>"bvgdcfnbgdc"}, "authenticity_token"=>"Hlk9P76XMBnMYyQQp2CHh69xsWrvdn5M5Ccbf5jr+ug4fCrSytyCJF8dtHJ6xtlwSYXUcCe6RD8Cag+a1JTkVg=="}
  [1m[36mUser Load (0.5ms)[0m  [1m[34mSELECT  "users".* FROM "users" WHERE "users"."session_token" = $1 LIMIT $2[0m  [["session_token", "BYyok5REKVdeF0J_AVWKOQ"], ["LIMIT", 1]]
  ↳ app/controllers/application_controller.rb:10
  [1m[35m (0.2ms)[0m  [1m[35mBEGIN[0m
  ↳ app/controllers/posts_controller.rb:15
  [1m[36mUser Load (0.5ms)[0m  [1m[34mSELECT  "users".* FROM "users" WHERE "users"."id" = $1 LIMIT $2[0m  [["id", 1], ["LIMIT", 1]]
  ↳ app/controllers/posts_controller.rb:15
  [1m[36mSub Load (0.4ms)[0m  [1m[34mSELECT  "subs".* FROM "subs" WHERE "subs"."id" = $1 LIMIT $2[0m  [["id", 1], ["LIMIT", 1]]
  ↳ app/controllers/posts_controller.rb:15
  [1m[36mPost Create (44.4ms)[0m  [1m[32mINSERT INTO "posts" ("title", "url", "content", "sub_id", "author_id", "created_at", "updated_at") VALUES ($1, $2, $3, $4, $5, $6, $7) RETURNING "id"[0m  [["title", "fvcdfgv"], ["url", "dfvxcdf"], ["content", "bvgdcfnbgdc"], ["sub_id", 1], ["author_id", 1], ["created_at", "2018-11-20 21:52:13.845271"], ["updated_at", "2018-11-20 21:52:13.845271"]]
  ↳ app/controllers/posts_controller.rb:15
  [1m[35m (0.5ms)[0m  [1m[35mCOMMIT[0m
  ↳ app/controllers/posts_controller.rb:15
No template found for PostsController#create, rendering head :no_content
Completed 204 No Content in 203ms (ActiveRecord: 53.2ms)


Started POST "/users" for 127.0.0.1 at 2018-11-20 13:52:57 -0800
Processing by UsersController#create as HTML
  Parameters: {"authenticity_token"=>"aXaS7w2j5rXSW+q1L9r3CMSo4NKRMUF7UxsbpAAYMr9PU4UCeehUiEEletfyfKn/IlyFyFn9ewi1Vg9BTGcsAQ==", "user"=>{"username"=>"username1", "password"=>"[FILTERED]"}}
  [1m[35m (0.2ms)[0m  [1m[35mBEGIN[0m
  ↳ app/controllers/users_controller.rb:9
  [1m[36mUser Create (27.2ms)[0m  [1m[32mINSERT INTO "users" ("username", "password_digest", "session_token", "created_at", "updated_at") VALUES ($1, $2, $3, $4, $5) RETURNING "id"[0m  [["username", "username1"], ["password_digest", "$2a$10$xExhGp8FoGZ4pwP5pt0otOrkK5rVxj4aol2.VLDNzxVvHq.j1jN5G"], ["session_token", "mJOQf99fV18hzlBerYm7Bg"], ["created_at", "2018-11-20 21:52:57.343831"], ["updated_at", "2018-11-20 21:52:57.343831"]]
  ↳ app/controllers/users_controller.rb:9
  [1m[35m (0.2ms)[0m  [1m[31mROLLBACK[0m
  ↳ app/controllers/users_controller.rb:9
Completed 500 Internal Server Error in 165ms (ActiveRecord: 35.9ms)


  
ActiveRecord::RecordNotUnique (PG::UniqueViolation: ERROR:  duplicate key value violates unique constraint "index_users_on_username"
DETAIL:  Key (username)=(username1) already exists.
: INSERT INTO "users" ("username", "password_digest", "session_token", "created_at", "updated_at") VALUES ($1, $2, $3, $4, $5) RETURNING "id"):
  
app/controllers/users_controller.rb:9:in `create'
Started GET "/session/new" for 127.0.0.1 at 2018-11-20 13:53:08 -0800
Processing by SessionsController#new as HTML
  Rendering sessions/new.html.erb within layouts/application
  Rendered sessions/new.html.erb within layouts/application (1.1ms)
Completed 200 OK in 44ms (Views: 41.6ms | ActiveRecord: 0.0ms)


Started POST "/session" for 127.0.0.1 at 2018-11-20 13:53:17 -0800
Processing by SessionsController#create as HTML
  Parameters: {"authenticity_token"=>"Bc4731ZYq7cbLvvpsSIDHgZkGi+R9+GlKRFkNVcC0L0j6ywyIhMZiohQa4tshF3p4JB/NVk729bPXHDQG33OAw==", "user"=>{"username"=>"username1", "password"=>"[FILTERED]"}}
  [1m[36mUser Load (1.0ms)[0m  [1m[34mSELECT  "users".* FROM "users" WHERE "users"."username" = $1 LIMIT $2[0m  [["username", "username1"], ["LIMIT", 1]]
  ↳ app/models/user.rb:22
  [1m[35m (0.3ms)[0m  [1m[35mBEGIN[0m
  ↳ app/models/user.rb:37
  [1m[36mUser Update (1.1ms)[0m  [1m[33mUPDATE "users" SET "session_token" = $1, "updated_at" = $2 WHERE "users"."id" = $3[0m  [["session_token", "b0EQk3nGj27h0-EHpZhjTw"], ["updated_at", "2018-11-20 21:53:17.347899"], ["id", 1]]
  ↳ app/models/user.rb:37
  [1m[35m (0.6ms)[0m  [1m[35mCOMMIT[0m
  ↳ app/models/user.rb:37
Redirected to http://localhost:3000/subs
Completed 302 Found in 104ms (ActiveRecord: 3.1ms)


Started GET "/subs" for 127.0.0.1 at 2018-11-20 13:53:17 -0800
Processing by SubsController#index as HTML
  Rendering subs/index.html.erb within layouts/application
  [1m[36mSub Load (0.7ms)[0m  [1m[34mSELECT "subs".* FROM "subs"[0m
  ↳ app/views/subs/index.html.erb:3
  Rendered subs/index.html.erb within layouts/application (16.7ms)
Completed 200 OK in 64ms (Views: 43.4ms | ActiveRecord: 8.1ms)


Started GET "/subs/1" for 127.0.0.1 at 2018-11-20 13:53:19 -0800
Processing by SubsController#show as HTML
  Parameters: {"id"=>"1"}
  [1m[36mSub Load (2.8ms)[0m  [1m[34mSELECT  "subs".* FROM "subs" WHERE "subs"."id" = $1 LIMIT $2[0m  [["id", 1], ["LIMIT", 1]]
  ↳ app/controllers/subs_controller.rb:39
  Rendering subs/show.html.erb within layouts/application
  Rendered subs/show.html.erb within layouts/application (54.2ms)
Completed 200 OK in 89ms (Views: 80.9ms | ActiveRecord: 2.8ms)


Started POST "/posts" for 127.0.0.1 at 2018-11-20 13:53:30 -0800
Processing by PostsController#create as HTML
  Parameters: {"post"=>{"sub_id"=>"1", "title"=>"new post", "url"=>"adsvsvfv", "content"=>"vdnbkdbnjdbn"}, "authenticity_token"=>"gycRfClVryuUJYnr6vJvWRJCj2B16b7TM686u+50DhilAgaRXR4dFgdbGYk3VDGu9Lbqer0lhKDV4i5eogsQpg=="}
  [1m[36mUser Load (0.4ms)[0m  [1m[34mSELECT  "users".* FROM "users" WHERE "users"."session_token" = $1 LIMIT $2[0m  [["session_token", "b0EQk3nGj27h0-EHpZhjTw"], ["LIMIT", 1]]
  ↳ app/controllers/application_controller.rb:10
  [1m[35m (0.2ms)[0m  [1m[35mBEGIN[0m
  ↳ app/controllers/posts_controller.rb:15
  [1m[36mUser Load (0.4ms)[0m  [1m[34mSELECT  "users".* FROM "users" WHERE "users"."id" = $1 LIMIT $2[0m  [["id", 1], ["LIMIT", 1]]
  ↳ app/controllers/posts_controller.rb:15
  [1m[36mSub Load (0.3ms)[0m  [1m[34mSELECT  "subs".* FROM "subs" WHERE "subs"."id" = $1 LIMIT $2[0m  [["id", 1], ["LIMIT", 1]]
  ↳ app/controllers/posts_controller.rb:15
  [1m[36mPost Create (0.5ms)[0m  [1m[32mINSERT INTO "posts" ("title", "url", "content", "sub_id", "author_id", "created_at", "updated_at") VALUES ($1, $2, $3, $4, $5, $6, $7) RETURNING "id"[0m  [["title", "new post"], ["url", "adsvsvfv"], ["content", "vdnbkdbnjdbn"], ["sub_id", 1], ["author_id", 1], ["created_at", "2018-11-20 21:53:30.959232"], ["updated_at", "2018-11-20 21:53:30.959232"]]
  ↳ app/controllers/posts_controller.rb:15
  [1m[35m (0.4ms)[0m  [1m[35mCOMMIT[0m
  ↳ app/controllers/posts_controller.rb:15
Redirected to http://localhost:3000/subs.1
Completed 302 Found in 26ms (ActiveRecord: 7.5ms)


Started GET "/subs.1" for 127.0.0.1 at 2018-11-20 13:53:30 -0800
Processing by SubsController#index as 
  Rendering subs/index.html.erb within layouts/application
  [1m[36mSub Load (0.7ms)[0m  [1m[34mSELECT "subs".* FROM "subs"[0m
  ↳ app/views/subs/index.html.erb:3
  Rendered subs/index.html.erb within layouts/application (3.3ms)
Completed 200 OK in 105ms (Views: 65.0ms | ActiveRecord: 0.7ms)


Started GET "/subs/1" for 127.0.0.1 at 2018-11-20 13:53:35 -0800
Processing by SubsController#show as HTML
  Parameters: {"id"=>"1"}
  [1m[36mSub Load (0.4ms)[0m  [1m[34mSELECT  "subs".* FROM "subs" WHERE "subs"."id" = $1 LIMIT $2[0m  [["id", 1], ["LIMIT", 1]]
  ↳ app/controllers/subs_controller.rb:39
  Rendering subs/show.html.erb within layouts/application
  Rendered subs/show.html.erb within layouts/application (1.2ms)
Completed 200 OK in 49ms (Views: 44.3ms | ActiveRecord: 0.4ms)


Started POST "/posts" for 127.0.0.1 at 2018-11-20 13:53:56 -0800
Processing by PostsController#create as HTML
  Parameters: {"post"=>{"sub_id"=>"1", "title"=>"dfbdbvc", "url"=>"dbfvcdbcvv", "content"=>"dvbcdb"}, "authenticity_token"=>"pb6Hj31T6v+eR/MOzXYIKVNRgfpj4VNusawJ2rjVWK2Dm5BiCRhYwg05Y2wQ0FbetaXk4KstaR1X4R0/9KpGEw=="}
  [1m[36mUser Load (0.4ms)[0m  [1m[34mSELECT  "users".* FROM "users" WHERE "users"."session_token" = $1 LIMIT $2[0m  [["session_token", "b0EQk3nGj27h0-EHpZhjTw"], ["LIMIT", 1]]
  ↳ app/controllers/application_controller.rb:10
  [1m[35m (0.3ms)[0m  [1m[35mBEGIN[0m
  ↳ app/controllers/posts_controller.rb:15
  [1m[36mUser Load (0.4ms)[0m  [1m[34mSELECT  "users".* FROM "users" WHERE "users"."id" = $1 LIMIT $2[0m  [["id", 1], ["LIMIT", 1]]
  ↳ app/controllers/posts_controller.rb:15
  [1m[36mSub Load (0.4ms)[0m  [1m[34mSELECT  "subs".* FROM "subs" WHERE "subs"."id" = $1 LIMIT $2[0m  [["id", 1], ["LIMIT", 1]]
  ↳ app/controllers/posts_controller.rb:15
  [1m[36mPost Create (1.0ms)[0m  [1m[32mINSERT INTO "posts" ("title", "url", "content", "sub_id", "author_id", "created_at", "updated_at") VALUES ($1, $2, $3, $4, $5, $6, $7) RETURNING "id"[0m  [["title", "dfbdbvc"], ["url", "dbfvcdbcvv"], ["content", "dvbcdb"], ["sub_id", 1], ["author_id", 1], ["created_at", "2018-11-20 21:53:56.324514"], ["updated_at", "2018-11-20 21:53:56.324514"]]
  ↳ app/controllers/posts_controller.rb:15
  [1m[35m (0.6ms)[0m  [1m[35mCOMMIT[0m
  ↳ app/controllers/posts_controller.rb:15
Redirected to http://localhost:3000/subs/1
Completed 302 Found in 110ms (ActiveRecord: 21.0ms)


Started GET "/subs/1" for 127.0.0.1 at 2018-11-20 13:53:56 -0800
Processing by SubsController#show as HTML
  Parameters: {"id"=>"1"}
  [1m[36mSub Load (0.3ms)[0m  [1m[34mSELECT  "subs".* FROM "subs" WHERE "subs"."id" = $1 LIMIT $2[0m  [["id", 1], ["LIMIT", 1]]
  ↳ app/controllers/subs_controller.rb:39
  Rendering subs/show.html.erb within layouts/application
  Rendered subs/show.html.erb within layouts/application (1.7ms)
Completed 200 OK in 106ms (Views: 100.9ms | ActiveRecord: 0.3ms)


  [1m[36mPost Load (0.9ms)[0m  [1m[34mSELECT "posts".* FROM "posts"[0m
  [1m[36mSub Load (0.8ms)[0m  [1m[34mSELECT "subs".* FROM "subs"[0m
  [1m[36mSub Load (0.4ms)[0m  [1m[34mSELECT  "subs".* FROM "subs" ORDER BY "subs"."id" ASC LIMIT $1[0m  [["LIMIT", 1]]
  [1m[36mPost Load (0.4ms)[0m  [1m[34mSELECT "posts".* FROM "posts" WHERE "posts"."sub_id" = $1[0m  [["sub_id", 1]]
Started GET "/subs/1" for 127.0.0.1 at 2018-11-20 13:56:35 -0800
Processing by SubsController#show as HTML
  Parameters: {"id"=>"1"}
  [1m[36mSub Load (0.3ms)[0m  [1m[34mSELECT  "subs".* FROM "subs" WHERE "subs"."id" = $1 LIMIT $2[0m  [["id", 1], ["LIMIT", 1]]
  ↳ app/controllers/subs_controller.rb:39
  Rendering subs/show.html.erb within layouts/application
  Rendered subs/show.html.erb within layouts/application (1.2ms)
Completed 200 OK in 112ms (Views: 107.1ms | ActiveRecord: 0.3ms)


Started GET "/subs/1" for 127.0.0.1 at 2018-11-20 13:56:47 -0800
Processing by SubsController#show as HTML
  Parameters: {"id"=>"1"}
  [1m[36mSub Load (0.4ms)[0m  [1m[34mSELECT  "subs".* FROM "subs" WHERE "subs"."id" = $1 LIMIT $2[0m  [["id", 1], ["LIMIT", 1]]
  ↳ app/controllers/subs_controller.rb:39
  Rendering subs/show.html.erb within layouts/application
  Rendered subs/show.html.erb within layouts/application (2.2ms)
Completed 200 OK in 47ms (Views: 42.1ms | ActiveRecord: 0.4ms)


Started POST "/posts" for 127.0.0.1 at 2018-11-20 13:56:55 -0800
Processing by PostsController#create as HTML
  Parameters: {"post"=>{"sub_id"=>"1", "title"=>"tfjgdntyhjgnbv ", "url"=>"fgjnbvcrfgn", "content"=>"bvfgnvcb "}, "authenticity_token"=>"S6zJa4ykqwd9HCyiOHiRb+jR7d/XCPVzNZWJ0xQMh7dtid6G+O8ZOu5ivMDl3s+YDiWIxR/EzwDT2J02WHOZCQ=="}
  [1m[36mUser Load (0.5ms)[0m  [1m[34mSELECT  "users".* FROM "users" WHERE "users"."session_token" = $1 LIMIT $2[0m  [["session_token", "b0EQk3nGj27h0-EHpZhjTw"], ["LIMIT", 1]]
  ↳ app/controllers/application_controller.rb:10
  [1m[35m (0.2ms)[0m  [1m[35mBEGIN[0m
  ↳ app/controllers/posts_controller.rb:15
  [1m[36mUser Load (0.4ms)[0m  [1m[34mSELECT  "users".* FROM "users" WHERE "users"."id" = $1 LIMIT $2[0m  [["id", 1], ["LIMIT", 1]]
  ↳ app/controllers/posts_controller.rb:15
  [1m[36mSub Load (0.3ms)[0m  [1m[34mSELECT  "subs".* FROM "subs" WHERE "subs"."id" = $1 LIMIT $2[0m  [["id", 1], ["LIMIT", 1]]
  ↳ app/controllers/posts_controller.rb:15
  [1m[36mPost Create (1.3ms)[0m  [1m[32mINSERT INTO "posts" ("title", "url", "content", "sub_id", "author_id", "created_at", "updated_at") VALUES ($1, $2, $3, $4, $5, $6, $7) RETURNING "id"[0m  [["title", "tfjgdntyhjgnbv "], ["url", "fgjnbvcrfgn"], ["content", "bvfgnvcb "], ["sub_id", 1], ["author_id", 1], ["created_at", "2018-11-20 21:56:55.201866"], ["updated_at", "2018-11-20 21:56:55.201866"]]
  ↳ app/controllers/posts_controller.rb:15
  [1m[35m (0.5ms)[0m  [1m[35mCOMMIT[0m
  ↳ app/controllers/posts_controller.rb:15
Redirected to http://localhost:3000/subs/1
Completed 302 Found in 11ms (ActiveRecord: 3.2ms)


Started GET "/subs/1" for 127.0.0.1 at 2018-11-20 13:56:55 -0800
Processing by SubsController#show as HTML
  Parameters: {"id"=>"1"}
  [1m[36mSub Load (0.3ms)[0m  [1m[34mSELECT  "subs".* FROM "subs" WHERE "subs"."id" = $1 LIMIT $2[0m  [["id", 1], ["LIMIT", 1]]
  ↳ app/controllers/subs_controller.rb:39
  Rendering subs/show.html.erb within layouts/application
  Rendered subs/show.html.erb within layouts/application (1.4ms)
Completed 200 OK in 35ms (Views: 29.9ms | ActiveRecord: 0.3ms)


Started GET "/subs/1" for 127.0.0.1 at 2018-11-20 13:58:14 -0800
Processing by SubsController#show as HTML
  Parameters: {"id"=>"1"}
  [1m[36mSub Load (0.3ms)[0m  [1m[34mSELECT  "subs".* FROM "subs" WHERE "subs"."id" = $1 LIMIT $2[0m  [["id", 1], ["LIMIT", 1]]
  ↳ app/controllers/subs_controller.rb:39
  Rendering subs/show.html.erb within layouts/application
  Rendered subs/show.html.erb within layouts/application (20.6ms)
Completed 200 OK in 165ms (Views: 130.2ms | ActiveRecord: 7.2ms)


Started GET "/subs/1" for 127.0.0.1 at 2018-11-20 13:58:16 -0800
Processing by SubsController#show as HTML
  Parameters: {"id"=>"1"}
  [1m[36mSub Load (0.7ms)[0m  [1m[34mSELECT  "subs".* FROM "subs" WHERE "subs"."id" = $1 LIMIT $2[0m  [["id", 1], ["LIMIT", 1]]
  ↳ app/controllers/subs_controller.rb:39
  Rendering subs/show.html.erb within layouts/application
  Rendered subs/show.html.erb within layouts/application (1.6ms)
Completed 200 OK in 52ms (Views: 46.4ms | ActiveRecord: 0.7ms)


Started GET "/subs/1" for 127.0.0.1 at 2018-11-20 13:58:16 -0800
Processing by SubsController#show as HTML
  Parameters: {"id"=>"1"}
  [1m[36mSub Load (0.4ms)[0m  [1m[34mSELECT  "subs".* FROM "subs" WHERE "subs"."id" = $1 LIMIT $2[0m  [["id", 1], ["LIMIT", 1]]
  ↳ app/controllers/subs_controller.rb:39
  Rendering subs/show.html.erb within layouts/application
  Rendered subs/show.html.erb within layouts/application (1.1ms)
Completed 200 OK in 54ms (Views: 49.4ms | ActiveRecord: 0.4ms)


Started GET "/subs/1" for 127.0.0.1 at 2018-11-20 13:58:16 -0800
Processing by SubsController#show as HTML
  Parameters: {"id"=>"1"}
  [1m[36mSub Load (0.3ms)[0m  [1m[34mSELECT  "subs".* FROM "subs" WHERE "subs"."id" = $1 LIMIT $2[0m  [["id", 1], ["LIMIT", 1]]
  ↳ app/controllers/subs_controller.rb:39
  Rendering subs/show.html.erb within layouts/application
  Rendered subs/show.html.erb within layouts/application (1.4ms)
Completed 200 OK in 40ms (Views: 36.2ms | ActiveRecord: 0.3ms)


Started GET "/subs/1" for 127.0.0.1 at 2018-11-20 14:00:18 -0800
Processing by SubsController#show as HTML
  Parameters: {"id"=>"1"}
  [1m[36mSub Load (0.5ms)[0m  [1m[34mSELECT  "subs".* FROM "subs" WHERE "subs"."id" = $1 LIMIT $2[0m  [["id", 1], ["LIMIT", 1]]
  ↳ app/controllers/subs_controller.rb:39
  Rendering subs/show.html.erb within layouts/application
  Rendered subs/show.html.erb within layouts/application (19.0ms)
Completed 200 OK in 130ms (Views: 79.2ms | ActiveRecord: 9.9ms)


Started GET "/subs/1" for 127.0.0.1 at 2018-11-20 14:01:33 -0800
Processing by SubsController#show as HTML
  Parameters: {"id"=>"1"}
  [1m[36mSub Load (0.3ms)[0m  [1m[34mSELECT  "subs".* FROM "subs" WHERE "subs"."id" = $1 LIMIT $2[0m  [["id", 1], ["LIMIT", 1]]
  ↳ app/controllers/subs_controller.rb:39
  Rendering subs/show.html.erb within layouts/application
  Rendered subs/show.html.erb within layouts/application (1.9ms)
Completed 200 OK in 163ms (Views: 159.6ms | ActiveRecord: 0.3ms)


Started GET "/subs/1" for 127.0.0.1 at 2018-11-20 14:01:34 -0800
Processing by SubsController#show as HTML
  Parameters: {"id"=>"1"}
  [1m[36mSub Load (0.3ms)[0m  [1m[34mSELECT  "subs".* FROM "subs" WHERE "subs"."id" = $1 LIMIT $2[0m  [["id", 1], ["LIMIT", 1]]
  ↳ app/controllers/subs_controller.rb:39
  Rendering subs/show.html.erb within layouts/application
  Rendered subs/show.html.erb within layouts/application (1.0ms)
Completed 200 OK in 38ms (Views: 34.2ms | ActiveRecord: 0.3ms)


Started GET "/subs/1" for 127.0.0.1 at 2018-11-20 14:01:34 -0800
Processing by SubsController#show as HTML
  Parameters: {"id"=>"1"}
  [1m[36mSub Load (0.3ms)[0m  [1m[34mSELECT  "subs".* FROM "subs" WHERE "subs"."id" = $1 LIMIT $2[0m  [["id", 1], ["LIMIT", 1]]
  ↳ app/controllers/subs_controller.rb:39
  Rendering subs/show.html.erb within layouts/application
  Rendered subs/show.html.erb within layouts/application (1.1ms)
Completed 200 OK in 43ms (Views: 39.3ms | ActiveRecord: 0.3ms)


Started GET "/subs/1" for 127.0.0.1 at 2018-11-20 14:01:34 -0800
Processing by SubsController#show as HTML
  Parameters: {"id"=>"1"}
  [1m[36mSub Load (0.3ms)[0m  [1m[34mSELECT  "subs".* FROM "subs" WHERE "subs"."id" = $1 LIMIT $2[0m  [["id", 1], ["LIMIT", 1]]
  ↳ app/controllers/subs_controller.rb:39
  Rendering subs/show.html.erb within layouts/application
  Rendered subs/show.html.erb within layouts/application (1.1ms)
Completed 200 OK in 47ms (Views: 42.9ms | ActiveRecord: 0.3ms)


Started GET "/subs/1" for 127.0.0.1 at 2018-11-20 14:01:35 -0800
Processing by SubsController#show as HTML
  Parameters: {"id"=>"1"}
  [1m[36mSub Load (0.3ms)[0m  [1m[34mSELECT  "subs".* FROM "subs" WHERE "subs"."id" = $1 LIMIT $2[0m  [["id", 1], ["LIMIT", 1]]
  ↳ app/controllers/subs_controller.rb:39
  Rendering subs/show.html.erb within layouts/application
  Rendered subs/show.html.erb within layouts/application (1.0ms)
Completed 200 OK in 40ms (Views: 35.4ms | ActiveRecord: 0.3ms)


Started GET "/subs/1" for 127.0.0.1 at 2018-11-20 14:01:35 -0800
Processing by SubsController#show as HTML
  Parameters: {"id"=>"1"}
  [1m[36mSub Load (0.4ms)[0m  [1m[34mSELECT  "subs".* FROM "subs" WHERE "subs"."id" = $1 LIMIT $2[0m  [["id", 1], ["LIMIT", 1]]
  ↳ app/controllers/subs_controller.rb:39
  Rendering subs/show.html.erb within layouts/application
  Rendered subs/show.html.erb within layouts/application (1.3ms)
Completed 200 OK in 43ms (Views: 37.7ms | ActiveRecord: 0.4ms)


Started GET "/subs.1" for 127.0.0.1 at 2018-11-20 14:01:36 -0800
Processing by SubsController#index as 
  Rendering subs/index.html.erb within layouts/application
  [1m[36mSub Load (0.4ms)[0m  [1m[34mSELECT "subs".* FROM "subs"[0m
  ↳ app/views/subs/index.html.erb:3
  Rendered subs/index.html.erb within layouts/application (1.9ms)
Completed 200 OK in 90ms (Views: 47.4ms | ActiveRecord: 0.4ms)


Started GET "/subs" for 127.0.0.1 at 2018-11-20 14:01:37 -0800
Processing by SubsController#index as HTML
  Rendering subs/index.html.erb within layouts/application
  [1m[36mSub Load (0.5ms)[0m  [1m[34mSELECT "subs".* FROM "subs"[0m
  ↳ app/views/subs/index.html.erb:3
  Rendered subs/index.html.erb within layouts/application (2.2ms)
Completed 200 OK in 38ms (Views: 32.3ms | ActiveRecord: 0.5ms)


Started GET "/subs/new" for 127.0.0.1 at 2018-11-20 14:01:38 -0800
Processing by SubsController#new as HTML
  Rendering subs/new.html.erb within layouts/application
  Rendered subs/new.html.erb within layouts/application (0.9ms)
Completed 200 OK in 39ms (Views: 31.9ms | ActiveRecord: 0.0ms)


Started POST "/subs" for 127.0.0.1 at 2018-11-20 14:01:42 -0800
Processing by SubsController#create as HTML
  Parameters: {"authenticity_token"=>"1P5a59INUivKsDpSSMHVMJhoWkTUd2w/KzqDBziXLYLy200KpkbgFlnOqjCVZ4vHfpw/Xhy7VkzNd5fidOgzPA==", "sub"=>{"title"=>"rjfgnbcv ", "description"=>"fjhcmnvb "}}
  [1m[36mUser Load (0.4ms)[0m  [1m[34mSELECT  "users".* FROM "users" WHERE "users"."session_token" = $1 LIMIT $2[0m  [["session_token", "b0EQk3nGj27h0-EHpZhjTw"], ["LIMIT", 1]]
  ↳ app/controllers/application_controller.rb:10
  [1m[35m (0.3ms)[0m  [1m[35mBEGIN[0m
  ↳ app/controllers/subs_controller.rb:11
  [1m[36mUser Load (1.5ms)[0m  [1m[34mSELECT  "users".* FROM "users" WHERE "users"."id" = $1 LIMIT $2[0m  [["id", 1], ["LIMIT", 1]]
  ↳ app/controllers/subs_controller.rb:11
  [1m[36mSub Create (0.5ms)[0m  [1m[32mINSERT INTO "subs" ("title", "description", "moderator_id", "created_at", "updated_at") VALUES ($1, $2, $3, $4, $5) RETURNING "id"[0m  [["title", "rjfgnbcv "], ["description", "fjhcmnvb "], ["moderator_id", 1], ["created_at", "2018-11-20 22:01:42.593662"], ["updated_at", "2018-11-20 22:01:42.593662"]]
  ↳ app/controllers/subs_controller.rb:11
  [1m[35m (0.6ms)[0m  [1m[35mCOMMIT[0m
  ↳ app/controllers/subs_controller.rb:11
Redirected to http://localhost:3000/subs/2
Completed 302 Found in 83ms (ActiveRecord: 7.8ms)


Started GET "/subs/2" for 127.0.0.1 at 2018-11-20 14:01:42 -0800
Processing by SubsController#show as HTML
  Parameters: {"id"=>"2"}
  [1m[36mSub Load (0.4ms)[0m  [1m[34mSELECT  "subs".* FROM "subs" WHERE "subs"."id" = $1 LIMIT $2[0m  [["id", 2], ["LIMIT", 1]]
  ↳ app/controllers/subs_controller.rb:39
  Rendering subs/show.html.erb within layouts/application
  Rendered subs/show.html.erb within layouts/application (3.2ms)
Completed 200 OK in 53ms (Views: 47.6ms | ActiveRecord: 0.4ms)


Started POST "/posts" for 127.0.0.1 at 2018-11-20 14:01:49 -0800
Processing by PostsController#create as HTML
  Parameters: {"post"=>{"sub_id"=>"2", "title"=>"ghckvmbn ", "url"=>"g,jvbnm ", "content"=>"g,mbn"}, "authenticity_token"=>"HzVij/2W1SXNHTqmB57xElHu+AbCrwkZuwzxHIHD4eU5EHViid1nGF5jqsTaOK/ltxqdHApjM2pdQeX5zbz/Ww=="}
  [1m[36mUser Load (0.4ms)[0m  [1m[34mSELECT  "users".* FROM "users" WHERE "users"."session_token" = $1 LIMIT $2[0m  [["session_token", "b0EQk3nGj27h0-EHpZhjTw"], ["LIMIT", 1]]
  ↳ app/controllers/application_controller.rb:10
  [1m[35m (0.2ms)[0m  [1m[35mBEGIN[0m
  ↳ app/controllers/posts_controller.rb:15
  [1m[36mUser Load (0.3ms)[0m  [1m[34mSELECT  "users".* FROM "users" WHERE "users"."id" = $1 LIMIT $2[0m  [["id", 1], ["LIMIT", 1]]
  ↳ app/controllers/posts_controller.rb:15
  [1m[36mSub Load (0.3ms)[0m  [1m[34mSELECT  "subs".* FROM "subs" WHERE "subs"."id" = $1 LIMIT $2[0m  [["id", 2], ["LIMIT", 1]]
  ↳ app/controllers/posts_controller.rb:15
  [1m[36mPost Create (0.7ms)[0m  [1m[32mINSERT INTO "posts" ("title", "url", "content", "sub_id", "author_id", "created_at", "updated_at") VALUES ($1, $2, $3, $4, $5, $6, $7) RETURNING "id"[0m  [["title", "ghckvmbn "], ["url", "g,jvbnm "], ["content", "g,mbn"], ["sub_id", 2], ["author_id", 1], ["created_at", "2018-11-20 22:01:49.396882"], ["updated_at", "2018-11-20 22:01:49.396882"]]
  ↳ app/controllers/posts_controller.rb:15
  [1m[35m (0.8ms)[0m  [1m[35mCOMMIT[0m
  ↳ app/controllers/posts_controller.rb:15
Redirected to http://localhost:3000/subs/2
Completed 302 Found in 27ms (ActiveRecord: 8.8ms)


Started GET "/subs/2" for 127.0.0.1 at 2018-11-20 14:01:49 -0800
Processing by SubsController#show as HTML
  Parameters: {"id"=>"2"}
  [1m[36mSub Load (0.3ms)[0m  [1m[34mSELECT  "subs".* FROM "subs" WHERE "subs"."id" = $1 LIMIT $2[0m  [["id", 2], ["LIMIT", 1]]
  ↳ app/controllers/subs_controller.rb:39
  Rendering subs/show.html.erb within layouts/application
  Rendered subs/show.html.erb within layouts/application (2.2ms)
Completed 200 OK in 191ms (Views: 177.7ms | ActiveRecord: 0.3ms)


Started GET "/subs" for 127.0.0.1 at 2018-11-20 14:03:29 -0800
Processing by SubsController#index as HTML
  Rendering subs/index.html.erb within layouts/application
  [1m[36mSub Load (0.4ms)[0m  [1m[34mSELECT "subs".* FROM "subs"[0m
  ↳ app/views/subs/index.html.erb:3
  Rendered subs/index.html.erb within layouts/application (2.2ms)
Completed 200 OK in 149ms (Views: 146.3ms | ActiveRecord: 0.4ms)


Started GET "/subs" for 127.0.0.1 at 2018-11-20 14:03:45 -0800
Processing by SubsController#index as HTML
  Rendering subs/index.html.erb within layouts/application
  [1m[36mSub Load (0.4ms)[0m  [1m[34mSELECT "subs".* FROM "subs"[0m
  ↳ app/views/subs/index.html.erb:3
  Rendered subs/index.html.erb within layouts/application (2.6ms)
Completed 200 OK in 47ms (Views: 44.4ms | ActiveRecord: 0.4ms)


Started GET "/subs/2" for 127.0.0.1 at 2018-11-20 14:06:57 -0800
Processing by SubsController#show as HTML
  Parameters: {"id"=>"2"}
  [1m[36mSub Load (0.3ms)[0m  [1m[34mSELECT  "subs".* FROM "subs" WHERE "subs"."id" = $1 LIMIT $2[0m  [["id", 2], ["LIMIT", 1]]
  ↳ app/controllers/subs_controller.rb:39
  Rendering subs/show.html.erb within layouts/application
  Rendered subs/show.html.erb within layouts/application (7.9ms)
  [1m[36mUser Load (0.3ms)[0m  [1m[34mSELECT  "users".* FROM "users" WHERE "users"."session_token" = $1 LIMIT $2[0m  [["session_token", "b0EQk3nGj27h0-EHpZhjTw"], ["LIMIT", 1]]
  ↳ app/controllers/application_controller.rb:10
Completed 200 OK in 122ms (Views: 57.1ms | ActiveRecord: 15.3ms)


Started POST "/posts" for 127.0.0.1 at 2018-11-20 14:07:05 -0800
Processing by PostsController#create as HTML
  Parameters: {"post"=>{"sub_id"=>"2", "title"=>"qwewer", "url"=>"gerg", "content"=>"gfdgdshf"}, "authenticity_token"=>"E2/iLHn27G/vX/HwugHgprv+KBMjfgMcdLetRa4+YB81SvXBDb1eUnwhYZJnp75RXQpNCeuyOW+S+rmg4kF+oQ=="}
  [1m[36mUser Load (0.4ms)[0m  [1m[34mSELECT  "users".* FROM "users" WHERE "users"."session_token" = $1 LIMIT $2[0m  [["session_token", "b0EQk3nGj27h0-EHpZhjTw"], ["LIMIT", 1]]
  ↳ app/controllers/application_controller.rb:10
  [1m[35m (0.2ms)[0m  [1m[35mBEGIN[0m
  ↳ app/controllers/posts_controller.rb:15
  [1m[36mUser Load (0.4ms)[0m  [1m[34mSELECT  "users".* FROM "users" WHERE "users"."id" = $1 LIMIT $2[0m  [["id", 1], ["LIMIT", 1]]
  ↳ app/controllers/posts_controller.rb:15
  [1m[36mSub Load (1.0ms)[0m  [1m[34mSELECT  "subs".* FROM "subs" WHERE "subs"."id" = $1 LIMIT $2[0m  [["id", 2], ["LIMIT", 1]]
  ↳ app/controllers/posts_controller.rb:15
  [1m[36mPost Create (0.6ms)[0m  [1m[32mINSERT INTO "posts" ("title", "url", "content", "sub_id", "author_id", "created_at", "updated_at") VALUES ($1, $2, $3, $4, $5, $6, $7) RETURNING "id"[0m  [["title", "qwewer"], ["url", "gerg"], ["content", "gfdgdshf"], ["sub_id", 2], ["author_id", 1], ["created_at", "2018-11-20 22:07:05.386781"], ["updated_at", "2018-11-20 22:07:05.386781"]]
  ↳ app/controllers/posts_controller.rb:15
  [1m[35m (0.5ms)[0m  [1m[35mCOMMIT[0m
  ↳ app/controllers/posts_controller.rb:15
Redirected to http://localhost:3000/subs/2
Completed 302 Found in 47ms (ActiveRecord: 9.2ms)


Started GET "/subs/2" for 127.0.0.1 at 2018-11-20 14:07:05 -0800
Processing by SubsController#show as HTML
  Parameters: {"id"=>"2"}
  [1m[36mSub Load (0.5ms)[0m  [1m[34mSELECT  "subs".* FROM "subs" WHERE "subs"."id" = $1 LIMIT $2[0m  [["id", 2], ["LIMIT", 1]]
  ↳ app/controllers/subs_controller.rb:39
  Rendering subs/show.html.erb within layouts/application
  Rendered subs/show.html.erb within layouts/application (1.8ms)
  [1m[36mUser Load (0.5ms)[0m  [1m[34mSELECT  "users".* FROM "users" WHERE "users"."session_token" = $1 LIMIT $2[0m  [["session_token", "b0EQk3nGj27h0-EHpZhjTw"], ["LIMIT", 1]]
  ↳ app/controllers/application_controller.rb:10
Completed 200 OK in 59ms (Views: 52.1ms | ActiveRecord: 1.1ms)


  [1m[36mPost Load (0.7ms)[0m  [1m[34mSELECT "posts".* FROM "posts"[0m
  [1m[36mPost Load (0.5ms)[0m  [1m[34mSELECT  "posts".* FROM "posts" WHERE "posts"."id" = $1 LIMIT $2[0m  [["id", 6], ["LIMIT", 1]]
  [1m[36mSub Load (0.6ms)[0m  [1m[34mSELECT  "subs".* FROM "subs" WHERE "subs"."id" = $1 LIMIT $2[0m  [["id", 2], ["LIMIT", 1]]
  [1m[36mSub Load (0.5ms)[0m  [1m[34mSELECT  "subs".* FROM "subs" ORDER BY "subs"."id" ASC LIMIT $1[0m  [["LIMIT", 1]]
  [1m[36mPost Load (0.5ms)[0m  [1m[34mSELECT "posts".* FROM "posts" WHERE "posts"."sub_id" = $1[0m  [["sub_id", 1]]
Started GET "/subs/2" for 127.0.0.1 at 2018-11-20 14:10:44 -0800
Processing by SubsController#show as HTML
  Parameters: {"id"=>"2"}
  [1m[36mSub Load (0.6ms)[0m  [1m[34mSELECT  "subs".* FROM "subs" WHERE "subs"."id" = $1 LIMIT $2[0m  [["id", 2], ["LIMIT", 1]]
  ↳ app/controllers/subs_controller.rb:39
  Rendering subs/show.html.erb within layouts/application
  Rendered subs/show.html.erb within layouts/application (0.9ms)
Completed 500 Internal Server Error in 11ms (ActiveRecord: 0.6ms)


  
SyntaxError (/Users/appacademy/Desktop/W5D2/Redditclone/app/views/subs/show.html.erb:33: syntax error, unexpected end-of-input, expecting keyword_end
          end
             ^):
  
app/views/subs/show.html.erb:33: syntax error, unexpected end-of-input, expecting keyword_end
Started GET "/subs/2" for 127.0.0.1 at 2018-11-20 14:10:53 -0800
Processing by SubsController#show as HTML
  Parameters: {"id"=>"2"}
  [1m[36mSub Load (0.4ms)[0m  [1m[34mSELECT  "subs".* FROM "subs" WHERE "subs"."id" = $1 LIMIT $2[0m  [["id", 2], ["LIMIT", 1]]
  ↳ app/controllers/subs_controller.rb:39
  Rendering subs/show.html.erb within layouts/application
  [1m[36mPost Load (0.6ms)[0m  [1m[34mSELECT "posts".* FROM "posts" WHERE "posts"."sub_id" = $1[0m  [["sub_id", 2]]
  ↳ app/views/subs/show.html.erb:9
  Rendered subs/show.html.erb within layouts/application (4.0ms)
  [1m[36mUser Load (0.3ms)[0m  [1m[34mSELECT  "users".* FROM "users" WHERE "users"."session_token" = $1 LIMIT $2[0m  [["session_token", "b0EQk3nGj27h0-EHpZhjTw"], ["LIMIT", 1]]
  ↳ app/controllers/application_controller.rb:10
Completed 200 OK in 113ms (Views: 106.9ms | ActiveRecord: 1.4ms)


Started GET "/subs/2" for 127.0.0.1 at 2018-11-20 14:12:34 -0800
Processing by SubsController#show as HTML
  Parameters: {"id"=>"2"}
  [1m[36mSub Load (0.3ms)[0m  [1m[34mSELECT  "subs".* FROM "subs" WHERE "subs"."id" = $1 LIMIT $2[0m  [["id", 2], ["LIMIT", 1]]
  ↳ app/controllers/subs_controller.rb:39
  Rendering subs/show.html.erb within layouts/application
  [1m[36mPost Load (0.7ms)[0m  [1m[34mSELECT "posts".* FROM "posts" WHERE "posts"."sub_id" = $1[0m  [["sub_id", 2]]
  ↳ app/views/subs/show.html.erb:9
  Rendered subs/show.html.erb within layouts/application (3.9ms)
  [1m[36mUser Load (0.4ms)[0m  [1m[34mSELECT  "users".* FROM "users" WHERE "users"."session_token" = $1 LIMIT $2[0m  [["session_token", "b0EQk3nGj27h0-EHpZhjTw"], ["LIMIT", 1]]
  ↳ app/controllers/application_controller.rb:10
Completed 200 OK in 39ms (Views: 34.3ms | ActiveRecord: 1.4ms)


Started DELETE "/session" for 127.0.0.1 at 2018-11-20 14:12:37 -0800
Processing by SessionsController#destroy as HTML
  Parameters: {"authenticity_token"=>"V+PNstu98Ve5McPHoqdF89LWMIQgXVLrqqAkkbPabOJxxtpfr/ZDaipPU6V/ARsENCJVnuiRaJhM7TB0/6VyXA=="}
  [1m[36mUser Load (0.6ms)[0m  [1m[34mSELECT  "users".* FROM "users" WHERE "users"."session_token" = $1 LIMIT $2[0m  [["session_token", "b0EQk3nGj27h0-EHpZhjTw"], ["LIMIT", 1]]
  ↳ app/controllers/application_controller.rb:10
  [1m[35m (0.7ms)[0m  [1m[35mBEGIN[0m
  ↳ app/models/user.rb:37
  [1m[36mUser Update (0.6ms)[0m  [1m[33mUPDATE "users" SET "session_token" = $1, "updated_at" = $2 WHERE "users"."id" = $3[0m  [["session_token", "VW74jigHQeYEXA36Cbth2A"], ["updated_at", "2018-11-20 22:12:37.099323"], ["id", 1]]
  ↳ app/models/user.rb:37
  [1m[35m (0.5ms)[0m  [1m[35mCOMMIT[0m
  ↳ app/models/user.rb:37
Redirected to http://localhost:3000/session/new
Completed 302 Found in 7ms (ActiveRecord: 2.5ms)


Started GET "/session/new" for 127.0.0.1 at 2018-11-20 14:12:37 -0800
Processing by SessionsController#new as HTML
  Rendering sessions/new.html.erb within layouts/application
  Rendered sessions/new.html.erb within layouts/application (0.7ms)
  [1m[36mUser Load (24.6ms)[0m  [1m[34mSELECT  "users".* FROM "users" WHERE "users"."session_token" IS NULL LIMIT $1[0m  [["LIMIT", 1]]
  ↳ app/controllers/application_controller.rb:10
Completed 200 OK in 88ms (Views: 33.3ms | ActiveRecord: 24.6ms)


  [1m[35m (0.3ms)[0m  [1m[34mSELECT pg_try_advisory_lock(8145356286902315880)[0m
  ↳ bin/rails:9
  [1m[35m (1.4ms)[0m  [1m[34mSELECT "schema_migrations"."version" FROM "schema_migrations" ORDER BY "schema_migrations"."version" ASC[0m
  ↳ bin/rails:9
Migrating to CreatePostSubs (20181120221859)
  [1m[35m (0.3ms)[0m  [1m[35mBEGIN[0m
  ↳ bin/rails:9
  [1m[35m (21.5ms)[0m  [1m[35mCREATE TABLE "post_subs" ("id" bigserial primary key, "post_id" integer NOT NULL, "sub_id" integer NOT NULL, "created_at" timestamp NOT NULL, "updated_at" timestamp NOT NULL)[0m
  ↳ db/migrate/20181120221859_create_post_subs.rb:3
  [1m[35m (1.3ms)[0m  [1m[35mCREATE  INDEX  "index_post_subs_on_post_id" ON "post_subs"  ("post_id")[0m
  ↳ db/migrate/20181120221859_create_post_subs.rb:8
  [1m[35m (1.3ms)[0m  [1m[35mCREATE  INDEX  "index_post_subs_on_sub_id" ON "post_subs"  ("sub_id")[0m
  ↳ db/migrate/20181120221859_create_post_subs.rb:9
  [1m[36mActiveRecord::SchemaMigration Create (0.8ms)[0m  [1m[32mINSERT INTO "schema_migrations" ("version") VALUES ($1) RETURNING "version"[0m  [["version", "20181120221859"]]
  ↳ bin/rails:9
  [1m[35m (40.3ms)[0m  [1m[35mCOMMIT[0m
  ↳ bin/rails:9
  [1m[36mActiveRecord::InternalMetadata Load (0.6ms)[0m  [1m[34mSELECT  "ar_internal_metadata".* FROM "ar_internal_metadata" WHERE "ar_internal_metadata"."key" = $1 LIMIT $2[0m  [["key", "environment"], ["LIMIT", 1]]
  ↳ bin/rails:9
  [1m[35m (0.2ms)[0m  [1m[35mBEGIN[0m
  ↳ bin/rails:9
  [1m[35m (0.2ms)[0m  [1m[35mCOMMIT[0m
  ↳ bin/rails:9
  [1m[35m (0.3ms)[0m  [1m[34mSELECT pg_advisory_unlock(8145356286902315880)[0m
  ↳ bin/rails:9
  [1m[35m (0.3ms)[0m  [1m[34mSELECT "schema_migrations"."version" FROM "schema_migrations" ORDER BY "schema_migrations"."version" ASC[0m
  ↳ bin/rails:9
Started POST "/session" for 127.0.0.1 at 2018-11-20 14:49:37 -0800
  [1m[35m (1.1ms)[0m  [1m[34mSELECT "schema_migrations"."version" FROM "schema_migrations" ORDER BY "schema_migrations"."version" ASC[0m
  ↳ /usr/local/var/rbenv/versions/2.5.0/lib/ruby/gems/2.5.0/gems/activerecord-5.2.1/lib/active_record/log_subscriber.rb:98
Processing by SessionsController#create as HTML
  Parameters: {"authenticity_token"=>"rfbaGaj9MEsmWJsPgwi7J7fXKSaVt934DB7ufxR6+s6L08303LaCdrUmC21eruXQUSNMPF1754vqU/qaWAXkcA==", "user"=>{"username"=>"usernam1", "password"=>"[FILTERED]"}}
  [1m[36mUser Load (0.8ms)[0m  [1m[34mSELECT  "users".* FROM "users" WHERE "users"."username" = $1 LIMIT $2[0m  [["username", "usernam1"], ["LIMIT", 1]]
  ↳ app/models/user.rb:22
  Rendering sessions/new.html.erb within layouts/application
  Rendered sessions/new.html.erb within layouts/application (1.2ms)
  [1m[36mUser Load (1.2ms)[0m  [1m[34mSELECT  "users".* FROM "users" WHERE "users"."session_token" IS NULL LIMIT $1[0m  [["LIMIT", 1]]
  ↳ app/controllers/application_controller.rb:10
Completed 200 OK in 110ms (Views: 78.9ms | ActiveRecord: 9.0ms)


Started POST "/session" for 127.0.0.1 at 2018-11-20 14:49:57 -0800
Processing by SessionsController#create as HTML
  Parameters: {"authenticity_token"=>"bR38/4B8Jtr61Bc6KAEWx039JtXMnyM401hI1v5FcalLOOsS9DeU52mqh1j1p0gwqwlDzwRTGUs1FVwzsjpvFw==", "user"=>{"username"=>"username1", "password"=>"[FILTERED]"}}
  [1m[36mUser Load (0.6ms)[0m  [1m[34mSELECT  "users".* FROM "users" WHERE "users"."username" = $1 LIMIT $2[0m  [["username", "username1"], ["LIMIT", 1]]
  ↳ app/models/user.rb:22
  [1m[35m (0.3ms)[0m  [1m[35mBEGIN[0m
  ↳ app/models/user.rb:37
  [1m[36mUser Update (0.8ms)[0m  [1m[33mUPDATE "users" SET "session_token" = $1, "updated_at" = $2 WHERE "users"."id" = $3[0m  [["session_token", "YoMjQJ9s8lrqAYk24cIoiQ"], ["updated_at", "2018-11-20 22:49:57.705472"], ["id", 1]]
  ↳ app/models/user.rb:37
  [1m[35m (0.7ms)[0m  [1m[35mCOMMIT[0m
  ↳ app/models/user.rb:37
Redirected to http://localhost:3000/subs
Completed 302 Found in 109ms (ActiveRecord: 7.7ms)


Started GET "/subs" for 127.0.0.1 at 2018-11-20 14:49:57 -0800
Processing by SubsController#index as HTML
  Rendering subs/index.html.erb within layouts/application
  [1m[36mSub Load (1.1ms)[0m  [1m[34mSELECT "subs".* FROM "subs"[0m
  ↳ app/views/subs/index.html.erb:3
  Rendered subs/index.html.erb within layouts/application (20.4ms)
  [1m[36mUser Load (0.7ms)[0m  [1m[34mSELECT  "users".* FROM "users" WHERE "users"."session_token" = $1 LIMIT $2[0m  [["session_token", "YoMjQJ9s8lrqAYk24cIoiQ"], ["LIMIT", 1]]
  ↳ app/controllers/application_controller.rb:10
Completed 200 OK in 85ms (Views: 48.8ms | ActiveRecord: 8.3ms)


Started GET "/subs/1" for 127.0.0.1 at 2018-11-20 14:50:01 -0800
Processing by SubsController#show as HTML
  Parameters: {"id"=>"1"}
  [1m[36mSub Load (0.7ms)[0m  [1m[34mSELECT  "subs".* FROM "subs" WHERE "subs"."id" = $1 LIMIT $2[0m  [["id", 1], ["LIMIT", 1]]
  ↳ app/controllers/subs_controller.rb:39
  Rendering subs/show.html.erb within layouts/application
  [1m[36mPost Load (0.7ms)[0m  [1m[34mSELECT "posts".* FROM "posts" WHERE "posts"."sub_id" = $1[0m  [["sub_id", 1]]
  ↳ app/views/subs/show.html.erb:9
  Rendered subs/show.html.erb within layouts/application (40.5ms)
  [1m[36mUser Load (1.1ms)[0m  [1m[34mSELECT  "users".* FROM "users" WHERE "users"."session_token" = $1 LIMIT $2[0m  [["session_token", "YoMjQJ9s8lrqAYk24cIoiQ"], ["LIMIT", 1]]
  ↳ app/controllers/application_controller.rb:10
Completed 200 OK in 87ms (Views: 69.9ms | ActiveRecord: 10.2ms)


Started POST "/posts" for 127.0.0.1 at 2018-11-20 14:50:06 -0800
Processing by PostsController#create as HTML
  Parameters: {"post"=>{"sub_id"=>"1", "title"=>"dfbcvb", "url"=>"dfhcbv", "content"=>"dfhbvc"}, "authenticity_token"=>"psXB+4Dmv2wbZS8dhRZl550An0XHFVxFWb4519DTVmWA4NYW9K0NUYgbv39YsDsQe/T6Xw/ZZja/8y0ynKxI2w=="}
  [1m[36mUser Load (0.6ms)[0m  [1m[34mSELECT  "users".* FROM "users" WHERE "users"."session_token" = $1 LIMIT $2[0m  [["session_token", "YoMjQJ9s8lrqAYk24cIoiQ"], ["LIMIT", 1]]
  ↳ app/controllers/application_controller.rb:10
  [1m[35m (0.2ms)[0m  [1m[35mBEGIN[0m
  ↳ app/controllers/posts_controller.rb:15
  [1m[36mUser Load (0.4ms)[0m  [1m[34mSELECT  "users".* FROM "users" WHERE "users"."id" = $1 LIMIT $2[0m  [["id", 1], ["LIMIT", 1]]
  ↳ app/controllers/posts_controller.rb:15
  [1m[36mSub Load (0.4ms)[0m  [1m[34mSELECT  "subs".* FROM "subs" WHERE "subs"."id" = $1 LIMIT $2[0m  [["id", 1], ["LIMIT", 1]]
  ↳ app/controllers/posts_controller.rb:15
  [1m[36mPost Create (1.5ms)[0m  [1m[32mINSERT INTO "posts" ("title", "url", "content", "sub_id", "author_id", "created_at", "updated_at") VALUES ($1, $2, $3, $4, $5, $6, $7) RETURNING "id"[0m  [["title", "dfbcvb"], ["url", "dfhcbv"], ["content", "dfhbvc"], ["sub_id", 1], ["author_id", 1], ["created_at", "2018-11-20 22:50:06.214804"], ["updated_at", "2018-11-20 22:50:06.214804"]]
  ↳ app/controllers/posts_controller.rb:15
  [1m[35m (0.8ms)[0m  [1m[35mCOMMIT[0m
  ↳ app/controllers/posts_controller.rb:15
Redirected to http://localhost:3000/subs/1
Completed 302 Found in 17ms (ActiveRecord: 4.0ms)


Started GET "/subs/1" for 127.0.0.1 at 2018-11-20 14:50:06 -0800
Processing by SubsController#show as HTML
  Parameters: {"id"=>"1"}
  [1m[36mSub Load (0.4ms)[0m  [1m[34mSELECT  "subs".* FROM "subs" WHERE "subs"."id" = $1 LIMIT $2[0m  [["id", 1], ["LIMIT", 1]]
  ↳ app/controllers/subs_controller.rb:39
  Rendering subs/show.html.erb within layouts/application
  [1m[36mPost Load (0.5ms)[0m  [1m[34mSELECT "posts".* FROM "posts" WHERE "posts"."sub_id" = $1[0m  [["sub_id", 1]]
  ↳ app/views/subs/show.html.erb:9
  Rendered subs/show.html.erb within layouts/application (4.0ms)
  [1m[36mUser Load (0.5ms)[0m  [1m[34mSELECT  "users".* FROM "users" WHERE "users"."session_token" = $1 LIMIT $2[0m  [["session_token", "YoMjQJ9s8lrqAYk24cIoiQ"], ["LIMIT", 1]]
  ↳ app/controllers/application_controller.rb:10
Completed 200 OK in 67ms (Views: 61.8ms | ActiveRecord: 1.4ms)


Started DELETE "/session" for 127.0.0.1 at 2018-11-20 14:50:12 -0800
Processing by SessionsController#destroy as HTML
  Parameters: {"authenticity_token"=>"yhVrYU+YZ90CrWRGbtm5yPj8hfnFbGGHytl6sITenzLsMHyMO9PV4JHT9CSzf+c/Hgjg4w2gW/QslG5VyKGBjA=="}
  [1m[36mUser Load (0.4ms)[0m  [1m[34mSELECT  "users".* FROM "users" WHERE "users"."session_token" = $1 LIMIT $2[0m  [["session_token", "YoMjQJ9s8lrqAYk24cIoiQ"], ["LIMIT", 1]]
  ↳ app/controllers/application_controller.rb:10
  [1m[35m (0.2ms)[0m  [1m[35mBEGIN[0m
  ↳ app/models/user.rb:37
  [1m[36mUser Update (0.8ms)[0m  [1m[33mUPDATE "users" SET "session_token" = $1, "updated_at" = $2 WHERE "users"."id" = $3[0m  [["session_token", "GSA70y16igBikXUUCJ8Aiw"], ["updated_at", "2018-11-20 22:50:12.211781"], ["id", 1]]
  ↳ app/models/user.rb:37
  [1m[35m (0.6ms)[0m  [1m[35mCOMMIT[0m
  ↳ app/models/user.rb:37
Redirected to http://localhost:3000/session/new
Completed 302 Found in 7ms (ActiveRecord: 2.1ms)


Started GET "/session/new" for 127.0.0.1 at 2018-11-20 14:50:12 -0800
Processing by SessionsController#new as HTML
  Rendering sessions/new.html.erb within layouts/application
  Rendered sessions/new.html.erb within layouts/application (1.3ms)
  [1m[36mUser Load (0.9ms)[0m  [1m[34mSELECT  "users".* FROM "users" WHERE "users"."session_token" IS NULL LIMIT $1[0m  [["LIMIT", 1]]
  ↳ app/controllers/application_controller.rb:10
Completed 200 OK in 63ms (Views: 59.1ms | ActiveRecord: 0.9ms)


Started POST "/session" for 127.0.0.1 at 2018-11-20 14:50:26 -0800
Processing by SessionsController#create as HTML
  Parameters: {"authenticity_token"=>"F9xnJnR4daqd2S9AFXaa+lsbo+W4Yoi1DyKtCT581Kkx+XDLADPHlw6nvyLI0MQNve/G/3Cussbpb7nscgPKFw==", "user"=>{"username"=>"username1", "password"=>"[FILTERED]"}}
  [1m[36mUser Load (0.5ms)[0m  [1m[34mSELECT  "users".* FROM "users" WHERE "users"."username" = $1 LIMIT $2[0m  [["username", "username1"], ["LIMIT", 1]]
  ↳ app/models/user.rb:22
  [1m[35m (0.2ms)[0m  [1m[35mBEGIN[0m
  ↳ app/models/user.rb:37
  [1m[36mUser Update (0.5ms)[0m  [1m[33mUPDATE "users" SET "session_token" = $1, "updated_at" = $2 WHERE "users"."id" = $3[0m  [["session_token", "GdleFVdYVpBxNgaPa3lLcg"], ["updated_at", "2018-11-20 22:50:26.795585"], ["id", 1]]
  ↳ app/models/user.rb:37
  [1m[35m (0.5ms)[0m  [1m[35mCOMMIT[0m
  ↳ app/models/user.rb:37
Redirected to http://localhost:3000/subs
Completed 302 Found in 93ms (ActiveRecord: 1.8ms)


Started GET "/subs" for 127.0.0.1 at 2018-11-20 14:50:26 -0800
Processing by SubsController#index as HTML
  Rendering subs/index.html.erb within layouts/application
  [1m[36mSub Load (0.5ms)[0m  [1m[34mSELECT "subs".* FROM "subs"[0m
  ↳ app/views/subs/index.html.erb:3
  Rendered subs/index.html.erb within layouts/application (2.4ms)
  [1m[36mUser Load (0.6ms)[0m  [1m[34mSELECT  "users".* FROM "users" WHERE "users"."session_token" = $1 LIMIT $2[0m  [["session_token", "GdleFVdYVpBxNgaPa3lLcg"], ["LIMIT", 1]]
  ↳ app/controllers/application_controller.rb:10
Completed 200 OK in 44ms (Views: 40.4ms | ActiveRecord: 1.0ms)


Started GET "/subs/1/edit" for 127.0.0.1 at 2018-11-20 14:50:28 -0800
Processing by SubsController#edit as HTML
  Parameters: {"id"=>"1"}
  [1m[36mUser Load (0.5ms)[0m  [1m[34mSELECT  "users".* FROM "users" WHERE "users"."session_token" = $1 LIMIT $2[0m  [["session_token", "GdleFVdYVpBxNgaPa3lLcg"], ["LIMIT", 1]]
  ↳ app/controllers/application_controller.rb:10
Completed 500 Internal Server Error in 12ms (ActiveRecord: 0.5ms)


  
NoMethodError (undefined method `params' for #<Class:0x00007f8b12169c08>):
  
app/controllers/subs_controller.rb:20:in `edit'
Started GET "/subs/1/edit" for 127.0.0.1 at 2018-11-20 14:51:04 -0800
Processing by SubsController#edit as HTML
  Parameters: {"id"=>"1"}
  [1m[36mUser Load (0.3ms)[0m  [1m[34mSELECT  "users".* FROM "users" WHERE "users"."session_token" = $1 LIMIT $2[0m  [["session_token", "GdleFVdYVpBxNgaPa3lLcg"], ["LIMIT", 1]]
  ↳ app/controllers/application_controller.rb:10
Completed 500 Internal Server Error in 245ms (ActiveRecord: 8.2ms)


  
NameError (undefined local variable or method `id' for #<SubsController:0x00007f8b0d3cb9b0>):
  
app/controllers/subs_controller.rb:20:in `edit'
Started POST "/session" for 127.0.0.1 at 2018-11-20 14:51:11 -0800
Processing by SessionsController#create as HTML
  Parameters: {"authenticity_token"=>"F9xnJnR4daqd2S9AFXaa+lsbo+W4Yoi1DyKtCT581Kkx+XDLADPHlw6nvyLI0MQNve/G/3Cussbpb7nscgPKFw==", "user"=>{"username"=>"username1", "password"=>"[FILTERED]"}}
  [1m[36mUser Load (0.4ms)[0m  [1m[34mSELECT  "users".* FROM "users" WHERE "users"."username" = $1 LIMIT $2[0m  [["username", "username1"], ["LIMIT", 1]]
  ↳ app/models/user.rb:22
  [1m[35m (0.3ms)[0m  [1m[35mBEGIN[0m
  ↳ app/models/user.rb:37
  [1m[36mUser Update (0.6ms)[0m  [1m[33mUPDATE "users" SET "session_token" = $1, "updated_at" = $2 WHERE "users"."id" = $3[0m  [["session_token", "aBwXRtyyuAzGzApnPZxgPg"], ["updated_at", "2018-11-20 22:51:11.981302"], ["id", 1]]
  ↳ app/models/user.rb:37
  [1m[35m (0.5ms)[0m  [1m[35mCOMMIT[0m
  ↳ app/models/user.rb:37
Redirected to http://localhost:3000/subs
Completed 302 Found in 107ms (ActiveRecord: 1.8ms)


Started GET "/subs" for 127.0.0.1 at 2018-11-20 14:51:11 -0800
Processing by SubsController#index as HTML
  Rendering subs/index.html.erb within layouts/application
  [1m[36mSub Load (0.5ms)[0m  [1m[34mSELECT "subs".* FROM "subs"[0m
  ↳ app/views/subs/index.html.erb:3
  Rendered subs/index.html.erb within layouts/application (26.2ms)
  [1m[36mUser Load (0.9ms)[0m  [1m[34mSELECT  "users".* FROM "users" WHERE "users"."session_token" = $1 LIMIT $2[0m  [["session_token", "aBwXRtyyuAzGzApnPZxgPg"], ["LIMIT", 1]]
  ↳ app/controllers/application_controller.rb:10
Completed 200 OK in 81ms (Views: 69.3ms | ActiveRecord: 8.9ms)


Started GET "/subs/1/edit" for 127.0.0.1 at 2018-11-20 14:51:13 -0800
Processing by SubsController#edit as HTML
  Parameters: {"id"=>"1"}
  [1m[36mUser Load (0.6ms)[0m  [1m[34mSELECT  "users".* FROM "users" WHERE "users"."session_token" = $1 LIMIT $2[0m  [["session_token", "aBwXRtyyuAzGzApnPZxgPg"], ["LIMIT", 1]]
  ↳ app/controllers/application_controller.rb:10
Completed 500 Internal Server Error in 288ms (ActiveRecord: 0.6ms)


  
NameError (undefined local variable or method `id' for #<SubsController:0x00007f8b0f413588>):
  
app/controllers/subs_controller.rb:20:in `edit'
Started GET "/subs" for 127.0.0.1 at 2018-11-20 14:51:26 -0800
Processing by SubsController#index as HTML
  Rendering subs/index.html.erb within layouts/application
  [1m[36mSub Load (1.3ms)[0m  [1m[34mSELECT "subs".* FROM "subs"[0m
  ↳ app/views/subs/index.html.erb:3
  Rendered subs/index.html.erb within layouts/application (23.4ms)
  [1m[36mUser Load (0.5ms)[0m  [1m[34mSELECT  "users".* FROM "users" WHERE "users"."session_token" = $1 LIMIT $2[0m  [["session_token", "aBwXRtyyuAzGzApnPZxgPg"], ["LIMIT", 1]]
  ↳ app/controllers/application_controller.rb:10
Completed 200 OK in 93ms (Views: 71.1ms | ActiveRecord: 15.5ms)


Started GET "/subs/1/edit" for 127.0.0.1 at 2018-11-20 14:51:29 -0800
Processing by SubsController#edit as HTML
  Parameters: {"id"=>"1"}
  [1m[36mUser Load (0.9ms)[0m  [1m[34mSELECT  "users".* FROM "users" WHERE "users"."session_token" = $1 LIMIT $2[0m  [["session_token", "aBwXRtyyuAzGzApnPZxgPg"], ["LIMIT", 1]]
  ↳ app/controllers/application_controller.rb:10
  [1m[36mSub Load (0.5ms)[0m  [1m[34mSELECT  "subs".* FROM "subs" WHERE "subs"."id" = $1 LIMIT $2[0m  [["id", 1], ["LIMIT", 1]]
  ↳ app/controllers/subs_controller.rb:20
  Rendering subs/edit.html.erb within layouts/application
  Rendered subs/edit.html.erb within layouts/application (322.3ms)
Completed 500 Internal Server Error in 384ms (ActiveRecord: 1.4ms)


  
ActionView::Template::Error (undefined local variable or method `sub' for #<#<Class:0x00007f8b11353ab0>:0x00007f8b0f3d88c0>
Did you mean?  @sub):
    4:   <input type="hidden" name="_method" value="patch">
    5:   <input type="hidden" name="authenticity_token" value="<%= form_authenticity_token %>">
    6: <label>Title
    7:   <input type="text" name="sub[title]" value="<%= sub.title %>">
    8: <label>Description
    9:   <input type="text" name="sub[description]" value="<%= sub.description %>">
   10: </label>
  
app/views/subs/edit.html.erb:7:in `_app_views_subs_edit_html_erb__4506908328833602261_70117616439120'
Started GET "/subs/1/edit" for 127.0.0.1 at 2018-11-20 14:51:51 -0800
Processing by SubsController#edit as HTML
  Parameters: {"id"=>"1"}
  [1m[36mUser Load (0.4ms)[0m  [1m[34mSELECT  "users".* FROM "users" WHERE "users"."session_token" = $1 LIMIT $2[0m  [["session_token", "aBwXRtyyuAzGzApnPZxgPg"], ["LIMIT", 1]]
  ↳ app/controllers/application_controller.rb:10
  [1m[36mSub Load (0.6ms)[0m  [1m[34mSELECT  "subs".* FROM "subs" WHERE "subs"."id" = $1 LIMIT $2[0m  [["id", 1], ["LIMIT", 1]]
  ↳ app/controllers/subs_controller.rb:20
  Rendering subs/edit.html.erb within layouts/application
  Rendered subs/edit.html.erb within layouts/application (325.4ms)
Completed 500 Internal Server Error in 347ms (ActiveRecord: 1.0ms)


  
ActionView::Template::Error (undefined local variable or method `sub' for #<#<Class:0x00007f8b11353ab0>:0x00007f8b12171a20>
Did you mean?  @sub):
    4:   <input type="hidden" name="_method" value="patch">
    5:   <input type="hidden" name="authenticity_token" value="<%= form_authenticity_token %>">
    6: <label>Title
    7:   <input type="text" name="sub[title]" value="<%= sub.title %>">
    8: <label>Description
    9:   <input type="text" name="sub[description]" value="<%= sub.description %>">
   10: </label>
  
app/views/subs/edit.html.erb:7:in `_app_views_subs_edit_html_erb__4506908328833602261_70117640344000'
Started POST "/session" for 127.0.0.1 at 2018-11-20 14:51:58 -0800
Processing by SessionsController#create as HTML
  Parameters: {"authenticity_token"=>"F9xnJnR4daqd2S9AFXaa+lsbo+W4Yoi1DyKtCT581Kkx+XDLADPHlw6nvyLI0MQNve/G/3Cussbpb7nscgPKFw==", "user"=>{"username"=>"username1", "password"=>"[FILTERED]"}}
  [1m[36mUser Load (0.6ms)[0m  [1m[34mSELECT  "users".* FROM "users" WHERE "users"."username" = $1 LIMIT $2[0m  [["username", "username1"], ["LIMIT", 1]]
  ↳ app/models/user.rb:22
  [1m[35m (0.2ms)[0m  [1m[35mBEGIN[0m
  ↳ app/models/user.rb:37
  [1m[36mUser Update (0.5ms)[0m  [1m[33mUPDATE "users" SET "session_token" = $1, "updated_at" = $2 WHERE "users"."id" = $3[0m  [["session_token", "YJviTNGqrsbpfdJxfCS6pA"], ["updated_at", "2018-11-20 22:51:58.229788"], ["id", 1]]
  ↳ app/models/user.rb:37
  [1m[35m (0.5ms)[0m  [1m[35mCOMMIT[0m
  ↳ app/models/user.rb:37
Redirected to http://localhost:3000/subs
Completed 302 Found in 106ms (ActiveRecord: 1.9ms)


Started GET "/subs" for 127.0.0.1 at 2018-11-20 14:51:58 -0800
Processing by SubsController#index as HTML
  Rendering subs/index.html.erb within layouts/application
  [1m[36mSub Load (0.5ms)[0m  [1m[34mSELECT "subs".* FROM "subs"[0m
  ↳ app/views/subs/index.html.erb:3
  Rendered subs/index.html.erb within layouts/application (3.5ms)
  [1m[36mUser Load (0.4ms)[0m  [1m[34mSELECT  "users".* FROM "users" WHERE "users"."session_token" = $1 LIMIT $2[0m  [["session_token", "YJviTNGqrsbpfdJxfCS6pA"], ["LIMIT", 1]]
  ↳ app/controllers/application_controller.rb:10
Completed 200 OK in 58ms (Views: 51.5ms | ActiveRecord: 0.9ms)


Started GET "/subs/1/edit" for 127.0.0.1 at 2018-11-20 14:51:59 -0800
Processing by SubsController#edit as HTML
  Parameters: {"id"=>"1"}
  [1m[36mUser Load (0.5ms)[0m  [1m[34mSELECT  "users".* FROM "users" WHERE "users"."session_token" = $1 LIMIT $2[0m  [["session_token", "YJviTNGqrsbpfdJxfCS6pA"], ["LIMIT", 1]]
  ↳ app/controllers/application_controller.rb:10
  [1m[36mSub Load (0.6ms)[0m  [1m[34mSELECT  "subs".* FROM "subs" WHERE "subs"."id" = $1 LIMIT $2[0m  [["id", 1], ["LIMIT", 1]]
  ↳ app/controllers/subs_controller.rb:20
  Rendering subs/edit.html.erb within layouts/application
  Rendered subs/edit.html.erb within layouts/application (297.7ms)
Completed 500 Internal Server Error in 312ms (ActiveRecord: 1.0ms)


  
ActionView::Template::Error (undefined local variable or method `sub' for #<#<Class:0x00007f8b11353ab0>:0x00007f8b0f753590>
Did you mean?  @sub):
    4:   <input type="hidden" name="_method" value="patch">
    5:   <input type="hidden" name="authenticity_token" value="<%= form_authenticity_token %>">
    6: <label>Title
    7:   <input type="text" name="sub[title]" value="<%= sub.title %>">
    8: <label>Description
    9:   <input type="text" name="sub[description]" value="<%= sub.description %>">
   10: </label>
  
app/views/subs/edit.html.erb:7:in `_app_views_subs_edit_html_erb__4506908328833602261_70117618270320'
Started GET "/subs/1/edit" for 127.0.0.1 at 2018-11-20 14:52:06 -0800
Processing by SubsController#edit as HTML
  Parameters: {"id"=>"1"}
  [1m[36mUser Load (0.4ms)[0m  [1m[34mSELECT  "users".* FROM "users" WHERE "users"."session_token" = $1 LIMIT $2[0m  [["session_token", "YJviTNGqrsbpfdJxfCS6pA"], ["LIMIT", 1]]
  ↳ app/controllers/application_controller.rb:10
  [1m[36mSub Load (0.3ms)[0m  [1m[34mSELECT  "subs".* FROM "subs" WHERE "subs"."id" = $1 LIMIT $2[0m  [["id", 1], ["LIMIT", 1]]
  ↳ app/controllers/subs_controller.rb:20
  Rendering subs/edit.html.erb within layouts/application
  Rendered subs/edit.html.erb within layouts/application (1.1ms)
Completed 200 OK in 49ms (Views: 43.7ms | ActiveRecord: 0.7ms)


Started PATCH "/subs/1" for 127.0.0.1 at 2018-11-20 14:52:09 -0800
Processing by SubsController#update as HTML
  Parameters: {"authenticity_token"=>"0eBXgT6gk+W+JCWwGb5hh7kHww/MnaX1mzE/WUciTvX3xUBsSush2C1atdLEGD9wX/OmFQRRn4Z9fCu8C11QSw==", "sub"=>{"title"=>"Apprsfgxv", "description"=>"sbkcbksdbckbdksd"}, "id"=>"1"}
  [1m[36mUser Load (0.3ms)[0m  [1m[34mSELECT  "users".* FROM "users" WHERE "users"."session_token" = $1 LIMIT $2[0m  [["session_token", "YJviTNGqrsbpfdJxfCS6pA"], ["LIMIT", 1]]
  ↳ app/controllers/application_controller.rb:10
  [1m[36mSub Load (0.6ms)[0m  [1m[34mSELECT  "subs".* FROM "subs" WHERE "subs"."moderator_id" = $1 AND "subs"."id" = $2 LIMIT $3[0m  [["moderator_id", 1], ["id", 1], ["LIMIT", 1]]
  ↳ app/controllers/subs_controller.rb:25
  [1m[35m (0.3ms)[0m  [1m[35mBEGIN[0m
  ↳ app/controllers/subs_controller.rb:26
  [1m[36mUser Load (0.5ms)[0m  [1m[34mSELECT  "users".* FROM "users" WHERE "users"."id" = $1 LIMIT $2[0m  [["id", 1], ["LIMIT", 1]]
  ↳ app/controllers/subs_controller.rb:26
  [1m[36mSub Update (0.6ms)[0m  [1m[33mUPDATE "subs" SET "title" = $1, "updated_at" = $2 WHERE "subs"."id" = $3[0m  [["title", "Apprsfgxv"], ["updated_at", "2018-11-20 22:52:09.945289"], ["id", 1]]
  ↳ app/controllers/subs_controller.rb:26
  [1m[35m (0.6ms)[0m  [1m[35mCOMMIT[0m
  ↳ app/controllers/subs_controller.rb:26
Redirected to http://localhost:3000/subs/1
Completed 302 Found in 15ms (ActiveRecord: 2.9ms)


Started GET "/subs/1" for 127.0.0.1 at 2018-11-20 14:52:09 -0800
Processing by SubsController#show as HTML
  Parameters: {"id"=>"1"}
  [1m[36mSub Load (0.5ms)[0m  [1m[34mSELECT  "subs".* FROM "subs" WHERE "subs"."id" = $1 LIMIT $2[0m  [["id", 1], ["LIMIT", 1]]
  ↳ app/controllers/subs_controller.rb:39
  Rendering subs/show.html.erb within layouts/application
  [1m[36mPost Load (0.8ms)[0m  [1m[34mSELECT "posts".* FROM "posts" WHERE "posts"."sub_id" = $1[0m  [["sub_id", 1]]
  ↳ app/views/subs/show.html.erb:9
  Rendered subs/show.html.erb within layouts/application (32.6ms)
  [1m[36mUser Load (0.5ms)[0m  [1m[34mSELECT  "users".* FROM "users" WHERE "users"."session_token" = $1 LIMIT $2[0m  [["session_token", "YJviTNGqrsbpfdJxfCS6pA"], ["LIMIT", 1]]
  ↳ app/controllers/application_controller.rb:10
Completed 200 OK in 88ms (Views: 72.1ms | ActiveRecord: 10.7ms)


Started GET "/subs" for 127.0.0.1 at 2018-11-20 14:52:33 -0800
Processing by SubsController#index as HTML
  Rendering subs/index.html.erb within layouts/application
  [1m[36mSub Load (0.5ms)[0m  [1m[34mSELECT "subs".* FROM "subs"[0m
  ↳ app/views/subs/index.html.erb:3
  Rendered subs/index.html.erb within layouts/application (2.3ms)
  [1m[36mUser Load (0.4ms)[0m  [1m[34mSELECT  "users".* FROM "users" WHERE "users"."session_token" = $1 LIMIT $2[0m  [["session_token", "YJviTNGqrsbpfdJxfCS6pA"], ["LIMIT", 1]]
  ↳ app/controllers/application_controller.rb:10
Completed 200 OK in 39ms (Views: 33.4ms | ActiveRecord: 0.9ms)


Started GET "/subs/1" for 127.0.0.1 at 2018-11-20 14:52:38 -0800
Processing by SubsController#show as HTML
  Parameters: {"id"=>"1"}
  [1m[36mSub Load (0.4ms)[0m  [1m[34mSELECT  "subs".* FROM "subs" WHERE "subs"."id" = $1 LIMIT $2[0m  [["id", 1], ["LIMIT", 1]]
  ↳ app/controllers/subs_controller.rb:39
  Rendering subs/show.html.erb within layouts/application
  [1m[36mPost Load (0.5ms)[0m  [1m[34mSELECT "posts".* FROM "posts" WHERE "posts"."sub_id" = $1[0m  [["sub_id", 1]]
  ↳ app/views/subs/show.html.erb:9
  Rendered subs/show.html.erb within layouts/application (3.0ms)
  [1m[36mUser Load (0.4ms)[0m  [1m[34mSELECT  "users".* FROM "users" WHERE "users"."session_token" = $1 LIMIT $2[0m  [["session_token", "YJviTNGqrsbpfdJxfCS6pA"], ["LIMIT", 1]]
  ↳ app/controllers/application_controller.rb:10
Completed 200 OK in 44ms (Views: 37.5ms | ActiveRecord: 1.4ms)


Started DELETE "/session" for 127.0.0.1 at 2018-11-20 14:52:43 -0800
Processing by SessionsController#destroy as HTML
  Parameters: {"authenticity_token"=>"2Rxh/PBJUzJffiS3H4mKEArdhote7FBI9MeE2g2QN8z/OXYRhALhD8wAtNXCL9Tn7CnjkZYgajsSipA/Qe8pcg=="}
  [1m[36mUser Load (0.4ms)[0m  [1m[34mSELECT  "users".* FROM "users" WHERE "users"."session_token" = $1 LIMIT $2[0m  [["session_token", "YJviTNGqrsbpfdJxfCS6pA"], ["LIMIT", 1]]
  ↳ app/controllers/application_controller.rb:10
  [1m[35m (0.2ms)[0m  [1m[35mBEGIN[0m
  ↳ app/models/user.rb:37
  [1m[36mUser Update (0.5ms)[0m  [1m[33mUPDATE "users" SET "session_token" = $1, "updated_at" = $2 WHERE "users"."id" = $3[0m  [["session_token", "gQW4gJ9MssJmk9Rk9NvfMw"], ["updated_at", "2018-11-20 22:52:43.937060"], ["id", 1]]
  ↳ app/models/user.rb:37
  [1m[35m (0.6ms)[0m  [1m[35mCOMMIT[0m
  ↳ app/models/user.rb:37
Redirected to http://localhost:3000/session/new
Completed 302 Found in 6ms (ActiveRecord: 1.7ms)


Started GET "/session/new" for 127.0.0.1 at 2018-11-20 14:52:43 -0800
Processing by SessionsController#new as HTML
  Rendering sessions/new.html.erb within layouts/application
  Rendered sessions/new.html.erb within layouts/application (0.7ms)
  [1m[36mUser Load (0.5ms)[0m  [1m[34mSELECT  "users".* FROM "users" WHERE "users"."session_token" IS NULL LIMIT $1[0m  [["LIMIT", 1]]
  ↳ app/controllers/application_controller.rb:10
Completed 200 OK in 42ms (Views: 38.8ms | ActiveRecord: 0.5ms)


